CRITICAL - 2023-11-17 02:34:29 --> Undefined array key "u"
in APPPATH\Controllers\Administrador.php on line 127.
 1 APPPATH\Controllers\Administrador.php(127): CodeIgniter\Debug\Exceptions->errorHandler(2, 'Undefined array key "u"', 'C:\\xampp\\htdocs\\ProyectoDAW2023\\app\\Controllers\\Administrador.php', 127)
 2 SYSTEMPATH\CodeIgniter.php(919): App\Controllers\Administrador->pacienteSaberMas('1')
 3 SYSTEMPATH\CodeIgniter.php(494): CodeIgniter\CodeIgniter->runController(Object(App\Controllers\Administrador))
 4 SYSTEMPATH\CodeIgniter.php(353): CodeIgniter\CodeIgniter->handleRequest(null, Object(Config\Cache), false)
 5 FCPATH\index.php(79): CodeIgniter\CodeIgniter->run()
 6 SYSTEMPATH\Commands\Server\rewrite.php(47): require_once('C:\\xampp\\htdocs\\ProyectoDAW2023\\public\\index.php')
CRITICAL - 2023-11-17 03:16:01 --> Undefined constant "PATH_VIEW"
in APPPATH\Views\common\menu.php on line 4.
 1 SYSTEMPATH\View\View.php(226): include()
 2 SYSTEMPATH\View\View.php(229): CodeIgniter\View\View->CodeIgniter\View\{closure}()
 3 SYSTEMPATH\Common.php(1188): CodeIgniter\View\View->render('common/menu', [], true)
 4 APPPATH\Controllers\Administrador.php(47): view('common/menu')
 5 SYSTEMPATH\CodeIgniter.php(919): App\Controllers\Administrador->administrarPacientes()
 6 SYSTEMPATH\CodeIgniter.php(494): CodeIgniter\CodeIgniter->runController(Object(App\Controllers\Administrador))
 7 SYSTEMPATH\CodeIgniter.php(353): CodeIgniter\CodeIgniter->handleRequest(null, Object(Config\Cache), false)
 8 FCPATH\index.php(79): CodeIgniter\CodeIgniter->run()
 9 SYSTEMPATH\Commands\Server\rewrite.php(47): require_once('C:\\xampp\\htdocs\\ProyectoDAW2023\\public\\index.php')
CRITICAL - 2023-11-17 03:22:58 --> Invalid file: "common/logoPrincipal.php"
in SYSTEMPATH\Exceptions\FrameworkException.php on line 39.
 1 SYSTEMPATH\View\View.php(214): CodeIgniter\Exceptions\FrameworkException::forInvalidFile('common/logoPrincipal.php')
 2 SYSTEMPATH\Common.php(1188): CodeIgniter\View\View->render('common/logoPrincipal', [], true)
 3 APPPATH\Views\common\menu.php(4): view('common/logoPrincipal')
 4 SYSTEMPATH\View\View.php(226): include('C:\\xampp\\htdocs\\ProyectoDAW2023\\app\\Views\\common\\menu.php')
 5 SYSTEMPATH\View\View.php(229): CodeIgniter\View\View->CodeIgniter\View\{closure}()
 6 SYSTEMPATH\Common.php(1188): CodeIgniter\View\View->render('common/menu', [], true)
 7 APPPATH\Controllers\Administrador.php(47): view('common/menu')
 8 SYSTEMPATH\CodeIgniter.php(919): App\Controllers\Administrador->administrarPacientes()
 9 SYSTEMPATH\CodeIgniter.php(494): CodeIgniter\CodeIgniter->runController(Object(App\Controllers\Administrador))
10 SYSTEMPATH\CodeIgniter.php(353): CodeIgniter\CodeIgniter->handleRequest(null, Object(Config\Cache), false)
11 FCPATH\index.php(79): CodeIgniter\CodeIgniter->run()
12 SYSTEMPATH\Commands\Server\rewrite.php(47): require_once('C:\\xampp\\htdocs\\ProyectoDAW2023\\public\\index.php')
CRITICAL - 2023-11-17 03:39:27 --> Undefined variable $paginaActual
in APPPATH\Views\administrador\administrarPacientes.php on line 116.
 1 APPPATH\Views\administrador\administrarPacientes.php(116): CodeIgniter\Debug\Exceptions->errorHandler(2, 'Undefined variable $paginaActual', 'C:\\xampp\\htdocs\\ProyectoDAW2023\\app\\Views\\administrador\\administrarPacientes.php', 116)
 2 SYSTEMPATH\View\View.php(226): include('C:\\xampp\\htdocs\\ProyectoDAW2023\\app\\Views\\administrador\\administrarPacientes.php')
 3 SYSTEMPATH\View\View.php(229): CodeIgniter\View\View->CodeIgniter\View\{closure}()
 4 SYSTEMPATH\Common.php(1188): CodeIgniter\View\View->render('administrador/administrarPacientes', [], true)
 5 APPPATH\Controllers\Administrador.php(48): view('administrador/administrarPacientes', [...])
 6 SYSTEMPATH\CodeIgniter.php(919): App\Controllers\Administrador->administrarPacientes()
 7 SYSTEMPATH\CodeIgniter.php(494): CodeIgniter\CodeIgniter->runController(Object(App\Controllers\Administrador))
 8 SYSTEMPATH\CodeIgniter.php(353): CodeIgniter\CodeIgniter->handleRequest(null, Object(Config\Cache), false)
 9 FCPATH\index.php(79): CodeIgniter\CodeIgniter->run()
10 SYSTEMPATH\Commands\Server\rewrite.php(47): require_once('C:\\xampp\\htdocs\\ProyectoDAW2023\\public\\index.php')
CRITICAL - 2023-11-17 19:46:25 --> syntax error, unexpected token "endif"
in APPPATH\Views\administrador\administrarPacientes.php on line 87.
 1 SYSTEMPATH\View\View.php(229): CodeIgniter\View\View->CodeIgniter\View\{closure}()
 2 SYSTEMPATH\Common.php(1188): CodeIgniter\View\View->render('administrador/administrarPacientes', [], true)
 3 APPPATH\Controllers\Administrador.php(54): view('administrador/administrarPacientes', [...])
 4 SYSTEMPATH\CodeIgniter.php(919): App\Controllers\Administrador->administrarPacientes()
 5 SYSTEMPATH\CodeIgniter.php(494): CodeIgniter\CodeIgniter->runController(Object(App\Controllers\Administrador))
 6 SYSTEMPATH\CodeIgniter.php(353): CodeIgniter\CodeIgniter->handleRequest(null, Object(Config\Cache), false)
 7 FCPATH\index.php(79): CodeIgniter\CodeIgniter->run()
 8 SYSTEMPATH\Commands\Server\rewrite.php(47): require_once('C:\\xampp\\htdocs\\ProyectoDAW2023\\public\\index.php')
CRITICAL - 2023-11-17 20:04:08 --> Attempt to read property "paciente" on array
in APPPATH\Views\administrador\sabermasPaciente.php on line 75.
 1 APPPATH\Views\administrador\sabermasPaciente.php(75): CodeIgniter\Debug\Exceptions->errorHandler(2, 'Attempt to read property "paciente" on array', 'C:\\xampp\\htdocs\\ProyectoDAW2023\\app\\Views\\administrador\\sabermasPaciente.php', 75)
 2 SYSTEMPATH\View\View.php(226): include('C:\\xampp\\htdocs\\ProyectoDAW2023\\app\\Views\\administrador\\sabermasPaciente.php')
 3 SYSTEMPATH\View\View.php(229): CodeIgniter\View\View->CodeIgniter\View\{closure}()
 4 SYSTEMPATH\Common.php(1188): CodeIgniter\View\View->render('administrador/sabermasPaciente', [], true)
 5 APPPATH\Controllers\Administrador.php(143): view('administrador/sabermasPaciente', [...])
 6 SYSTEMPATH\CodeIgniter.php(919): App\Controllers\Administrador->pacienteSaberMas('1')
 7 SYSTEMPATH\CodeIgniter.php(494): CodeIgniter\CodeIgniter->runController(Object(App\Controllers\Administrador))
 8 SYSTEMPATH\CodeIgniter.php(353): CodeIgniter\CodeIgniter->handleRequest(null, Object(Config\Cache), false)
 9 FCPATH\index.php(79): CodeIgniter\CodeIgniter->run()
10 SYSTEMPATH\Commands\Server\rewrite.php(47): require_once('C:\\xampp\\htdocs\\ProyectoDAW2023\\public\\index.php')
CRITICAL - 2023-11-17 20:06:21 --> Undefined property: stdClass::$Paciente
in APPPATH\Views\administrador\sabermasPaciente.php on line 75.
 1 APPPATH\Views\administrador\sabermasPaciente.php(75): CodeIgniter\Debug\Exceptions->errorHandler(2, 'Undefined property: stdClass::$Paciente', 'C:\\xampp\\htdocs\\ProyectoDAW2023\\app\\Views\\administrador\\sabermasPaciente.php', 75)
 2 SYSTEMPATH\View\View.php(226): include('C:\\xampp\\htdocs\\ProyectoDAW2023\\app\\Views\\administrador\\sabermasPaciente.php')
 3 SYSTEMPATH\View\View.php(229): CodeIgniter\View\View->CodeIgniter\View\{closure}()
 4 SYSTEMPATH\Common.php(1188): CodeIgniter\View\View->render('administrador/sabermasPaciente', [], true)
 5 APPPATH\Controllers\Administrador.php(143): view('administrador/sabermasPaciente', [...])
 6 SYSTEMPATH\CodeIgniter.php(919): App\Controllers\Administrador->pacienteSaberMas('1')
 7 SYSTEMPATH\CodeIgniter.php(494): CodeIgniter\CodeIgniter->runController(Object(App\Controllers\Administrador))
 8 SYSTEMPATH\CodeIgniter.php(353): CodeIgniter\CodeIgniter->handleRequest(null, Object(Config\Cache), false)
 9 FCPATH\index.php(79): CodeIgniter\CodeIgniter->run()
10 SYSTEMPATH\Commands\Server\rewrite.php(47): require_once('C:\\xampp\\htdocs\\ProyectoDAW2023\\public\\index.php')
CRITICAL - 2023-11-17 20:06:43 --> syntax error, unexpected token "endif"
in APPPATH\Views\administrador\sabermasPaciente.php on line 77.
 1 SYSTEMPATH\View\View.php(229): CodeIgniter\View\View->CodeIgniter\View\{closure}()
 2 SYSTEMPATH\Common.php(1188): CodeIgniter\View\View->render('administrador/sabermasPaciente', [], true)
 3 APPPATH\Controllers\Administrador.php(143): view('administrador/sabermasPaciente', [...])
 4 SYSTEMPATH\CodeIgniter.php(919): App\Controllers\Administrador->pacienteSaberMas('1')
 5 SYSTEMPATH\CodeIgniter.php(494): CodeIgniter\CodeIgniter->runController(Object(App\Controllers\Administrador))
 6 SYSTEMPATH\CodeIgniter.php(353): CodeIgniter\CodeIgniter->handleRequest(null, Object(Config\Cache), false)
 7 FCPATH\index.php(79): CodeIgniter\CodeIgniter->run()
 8 SYSTEMPATH\Commands\Server\rewrite.php(47): require_once('C:\\xampp\\htdocs\\ProyectoDAW2023\\public\\index.php')
CRITICAL - 2023-11-17 20:24:54 --> Cannot use object of type stdClass as array
in APPPATH\Views\administrador\administrarPacientes.php on line 83.
 1 SYSTEMPATH\View\View.php(226): include()
 2 SYSTEMPATH\View\View.php(229): CodeIgniter\View\View->CodeIgniter\View\{closure}()
 3 SYSTEMPATH\Common.php(1188): CodeIgniter\View\View->render('administrador/administrarPacientes', [], true)
 4 APPPATH\Controllers\Administrador.php(59): view('administrador/administrarPacientes', [...])
 5 SYSTEMPATH\CodeIgniter.php(919): App\Controllers\Administrador->administrarPacientes()
 6 SYSTEMPATH\CodeIgniter.php(494): CodeIgniter\CodeIgniter->runController(Object(App\Controllers\Administrador))
 7 SYSTEMPATH\CodeIgniter.php(353): CodeIgniter\CodeIgniter->handleRequest(null, Object(Config\Cache), false)
 8 FCPATH\index.php(79): CodeIgniter\CodeIgniter->run()
 9 SYSTEMPATH\Commands\Server\rewrite.php(47): require_once('C:\\xampp\\htdocs\\ProyectoDAW2023\\public\\index.php')
CRITICAL - 2023-11-17 20:25:00 --> Cannot use object of type stdClass as array
in APPPATH\Views\administrador\administrarPacientes.php on line 83.
 1 SYSTEMPATH\View\View.php(226): include()
 2 SYSTEMPATH\View\View.php(229): CodeIgniter\View\View->CodeIgniter\View\{closure}()
 3 SYSTEMPATH\Common.php(1188): CodeIgniter\View\View->render('administrador/administrarPacientes', [], true)
 4 APPPATH\Controllers\Administrador.php(59): view('administrador/administrarPacientes', [...])
 5 SYSTEMPATH\CodeIgniter.php(919): App\Controllers\Administrador->administrarPacientes()
 6 SYSTEMPATH\CodeIgniter.php(494): CodeIgniter\CodeIgniter->runController(Object(App\Controllers\Administrador))
 7 SYSTEMPATH\CodeIgniter.php(353): CodeIgniter\CodeIgniter->handleRequest(null, Object(Config\Cache), false)
 8 FCPATH\index.php(79): CodeIgniter\CodeIgniter->run()
 9 SYSTEMPATH\Commands\Server\rewrite.php(47): require_once('C:\\xampp\\htdocs\\ProyectoDAW2023\\public\\index.php')
CRITICAL - 2023-11-17 23:36:45 --> Undefined property: stdClass::$paciente
in APPPATH\Views\administrador\sabermasPaciente.php on line 75.
 1 APPPATH\Views\administrador\sabermasPaciente.php(75): CodeIgniter\Debug\Exceptions->errorHandler(2, 'Undefined property: stdClass::$paciente', 'C:\\xampp\\htdocs\\ProyectoDAW2023\\app\\Views\\administrador\\sabermasPaciente.php', 75)
 2 SYSTEMPATH\View\View.php(226): include('C:\\xampp\\htdocs\\ProyectoDAW2023\\app\\Views\\administrador\\sabermasPaciente.php')
 3 SYSTEMPATH\View\View.php(229): CodeIgniter\View\View->CodeIgniter\View\{closure}()
 4 SYSTEMPATH\Common.php(1188): CodeIgniter\View\View->render('administrador/sabermasPaciente', [], true)
 5 APPPATH\Controllers\Administrador.php(158): view('administrador/sabermasPaciente', [...])
 6 SYSTEMPATH\CodeIgniter.php(919): App\Controllers\Administrador->pacienteSaberMas('1')
 7 SYSTEMPATH\CodeIgniter.php(494): CodeIgniter\CodeIgniter->runController(Object(App\Controllers\Administrador))
 8 SYSTEMPATH\CodeIgniter.php(353): CodeIgniter\CodeIgniter->handleRequest(null, Object(Config\Cache), false)
 9 FCPATH\index.php(79): CodeIgniter\CodeIgniter->run()
10 SYSTEMPATH\Commands\Server\rewrite.php(47): require_once('C:\\xampp\\htdocs\\ProyectoDAW2023\\public\\index.php')
CRITICAL - 2023-11-17 23:37:27 --> Undefined property: stdClass::$paciente
in APPPATH\Views\administrador\sabermasPaciente.php on line 75.
 1 APPPATH\Views\administrador\sabermasPaciente.php(75): CodeIgniter\Debug\Exceptions->errorHandler(2, 'Undefined property: stdClass::$paciente', 'C:\\xampp\\htdocs\\ProyectoDAW2023\\app\\Views\\administrador\\sabermasPaciente.php', 75)
 2 SYSTEMPATH\View\View.php(226): include('C:\\xampp\\htdocs\\ProyectoDAW2023\\app\\Views\\administrador\\sabermasPaciente.php')
 3 SYSTEMPATH\View\View.php(229): CodeIgniter\View\View->CodeIgniter\View\{closure}()
 4 SYSTEMPATH\Common.php(1188): CodeIgniter\View\View->render('administrador/sabermasPaciente', [], true)
 5 APPPATH\Controllers\Administrador.php(158): view('administrador/sabermasPaciente', [...])
 6 SYSTEMPATH\CodeIgniter.php(919): App\Controllers\Administrador->pacienteSaberMas('1')
 7 SYSTEMPATH\CodeIgniter.php(494): CodeIgniter\CodeIgniter->runController(Object(App\Controllers\Administrador))
 8 SYSTEMPATH\CodeIgniter.php(353): CodeIgniter\CodeIgniter->handleRequest(null, Object(Config\Cache), false)
 9 FCPATH\index.php(79): CodeIgniter\CodeIgniter->run()
10 SYSTEMPATH\Commands\Server\rewrite.php(47): require_once('C:\\xampp\\htdocs\\ProyectoDAW2023\\public\\index.php')
CRITICAL - 2023-11-17 23:51:27 --> Undefined variable $medicoPaciente
in APPPATH\Views\administrador\sabermasPaciente.php on line 76.
 1 APPPATH\Views\administrador\sabermasPaciente.php(76): CodeIgniter\Debug\Exceptions->errorHandler(2, 'Undefined variable $medicoPaciente', 'C:\\xampp\\htdocs\\ProyectoDAW2023\\app\\Views\\administrador\\sabermasPaciente.php', 76)
 2 SYSTEMPATH\View\View.php(226): include('C:\\xampp\\htdocs\\ProyectoDAW2023\\app\\Views\\administrador\\sabermasPaciente.php')
 3 SYSTEMPATH\View\View.php(229): CodeIgniter\View\View->CodeIgniter\View\{closure}()
 4 SYSTEMPATH\Common.php(1188): CodeIgniter\View\View->render('administrador/sabermasPaciente', [], true)
 5 APPPATH\Controllers\Administrador.php(158): view('administrador/sabermasPaciente', [...])
 6 SYSTEMPATH\CodeIgniter.php(919): App\Controllers\Administrador->pacienteSaberMas('1')
 7 SYSTEMPATH\CodeIgniter.php(494): CodeIgniter\CodeIgniter->runController(Object(App\Controllers\Administrador))
 8 SYSTEMPATH\CodeIgniter.php(353): CodeIgniter\CodeIgniter->handleRequest(null, Object(Config\Cache), false)
 9 FCPATH\index.php(79): CodeIgniter\CodeIgniter->run()
10 SYSTEMPATH\Commands\Server\rewrite.php(47): require_once('C:\\xampp\\htdocs\\ProyectoDAW2023\\public\\index.php')
