CRITICAL - 2023-11-16 00:25:41 --> Undefined array key "primerNombre"
in APPPATH\Controllers\Administrador.php on line 467.
 1 APPPATH\Controllers\Administrador.php(467): CodeIgniter\Debug\Exceptions->errorHandler(2, 'Undefined array key "primerNombre"', 'C:\\xampp\\htdocs\\ProyectoDAW2023\\app\\Controllers\\Administrador.php', 467)
 2 SYSTEMPATH\CodeIgniter.php(919): App\Controllers\Administrador->agregarMedicos2()
 3 SYSTEMPATH\CodeIgniter.php(494): CodeIgniter\CodeIgniter->runController(Object(App\Controllers\Administrador))
 4 SYSTEMPATH\CodeIgniter.php(353): CodeIgniter\CodeIgniter->handleRequest(null, Object(Config\Cache), false)
 5 FCPATH\index.php(79): CodeIgniter\CodeIgniter->run()
 6 SYSTEMPATH\Commands\Server\rewrite.php(47): require_once('C:\\xampp\\htdocs\\ProyectoDAW2023\\public\\index.php')
CRITICAL - 2023-11-16 00:26:34 --> Undefined variable $diasLaborares
in APPPATH\Views\administrador\agregarMedicos2.php on line 21.
 1 APPPATH\Views\administrador\agregarMedicos2.php(21): CodeIgniter\Debug\Exceptions->errorHandler(2, 'Undefined variable $diasLaborares', 'C:\\xampp\\htdocs\\ProyectoDAW2023\\app\\Views\\administrador\\agregarMedicos2.php', 21)
 2 SYSTEMPATH\View\View.php(226): include('C:\\xampp\\htdocs\\ProyectoDAW2023\\app\\Views\\administrador\\agregarMedicos2.php')
 3 SYSTEMPATH\View\View.php(229): CodeIgniter\View\View->CodeIgniter\View\{closure}()
 4 SYSTEMPATH\Common.php(1188): CodeIgniter\View\View->render('administrador/agregarMedicos2', [], true)
 5 APPPATH\Controllers\Administrador.php(485): view('administrador/agregarMedicos2', [...])
 6 SYSTEMPATH\CodeIgniter.php(919): App\Controllers\Administrador->agregarMedicos2()
 7 SYSTEMPATH\CodeIgniter.php(494): CodeIgniter\CodeIgniter->runController(Object(App\Controllers\Administrador))
 8 SYSTEMPATH\CodeIgniter.php(353): CodeIgniter\CodeIgniter->handleRequest(null, Object(Config\Cache), false)
 9 FCPATH\index.php(79): CodeIgniter\CodeIgniter->run()
10 SYSTEMPATH\Commands\Server\rewrite.php(47): require_once('C:\\xampp\\htdocs\\ProyectoDAW2023\\public\\index.php')
CRITICAL - 2023-11-16 00:26:46 --> Undefined variable $diasLaborares
in APPPATH\Views\administrador\agregarMedicos2.php on line 21.
 1 APPPATH\Views\administrador\agregarMedicos2.php(21): CodeIgniter\Debug\Exceptions->errorHandler(2, 'Undefined variable $diasLaborares', 'C:\\xampp\\htdocs\\ProyectoDAW2023\\app\\Views\\administrador\\agregarMedicos2.php', 21)
 2 SYSTEMPATH\View\View.php(226): include('C:\\xampp\\htdocs\\ProyectoDAW2023\\app\\Views\\administrador\\agregarMedicos2.php')
 3 SYSTEMPATH\View\View.php(229): CodeIgniter\View\View->CodeIgniter\View\{closure}()
 4 SYSTEMPATH\Common.php(1188): CodeIgniter\View\View->render('administrador/agregarMedicos2', [], true)
 5 APPPATH\Controllers\Administrador.php(485): view('administrador/agregarMedicos2', [...])
 6 SYSTEMPATH\CodeIgniter.php(919): App\Controllers\Administrador->agregarMedicos2()
 7 SYSTEMPATH\CodeIgniter.php(494): CodeIgniter\CodeIgniter->runController(Object(App\Controllers\Administrador))
 8 SYSTEMPATH\CodeIgniter.php(353): CodeIgniter\CodeIgniter->handleRequest(null, Object(Config\Cache), false)
 9 FCPATH\index.php(79): CodeIgniter\CodeIgniter->run()
10 SYSTEMPATH\Commands\Server\rewrite.php(47): require_once('C:\\xampp\\htdocs\\ProyectoDAW2023\\public\\index.php')
CRITICAL - 2023-11-16 00:27:34 --> Call to a member function insert() on null
in APPPATH\Controllers\Administrador.php on line 497.
 1 SYSTEMPATH\CodeIgniter.php(919): App\Controllers\Administrador->insertMedicos()
 2 SYSTEMPATH\CodeIgniter.php(494): CodeIgniter\CodeIgniter->runController(Object(App\Controllers\Administrador))
 3 SYSTEMPATH\CodeIgniter.php(353): CodeIgniter\CodeIgniter->handleRequest(null, Object(Config\Cache), false)
 4 FCPATH\index.php(79): CodeIgniter\CodeIgniter->run()
 5 SYSTEMPATH\Commands\Server\rewrite.php(47): require_once('C:\\xampp\\htdocs\\ProyectoDAW2023\\public\\index.php')
CRITICAL - 2023-11-16 00:28:29 --> Undefined array key "contraseña"
in APPPATH\Controllers\Administrador.php on line 503.
 1 APPPATH\Controllers\Administrador.php(503): CodeIgniter\Debug\Exceptions->errorHandler(2, 'Undefined array key "contraseña"', 'C:\\xampp\\htdocs\\ProyectoDAW2023\\app\\Controllers\\Administrador.php', 503)
 2 SYSTEMPATH\CodeIgniter.php(919): App\Controllers\Administrador->insertMedicos()
 3 SYSTEMPATH\CodeIgniter.php(494): CodeIgniter\CodeIgniter->runController(Object(App\Controllers\Administrador))
 4 SYSTEMPATH\CodeIgniter.php(353): CodeIgniter\CodeIgniter->handleRequest(null, Object(Config\Cache), false)
 5 FCPATH\index.php(79): CodeIgniter\CodeIgniter->run()
 6 SYSTEMPATH\Commands\Server\rewrite.php(47): require_once('C:\\xampp\\htdocs\\ProyectoDAW2023\\public\\index.php')
CRITICAL - 2023-11-16 01:03:29 --> Undefined variable $userInfo
in APPPATH\Views\administrador\editarMedico2.php on line 10.
 1 APPPATH\Views\administrador\editarMedico2.php(10): CodeIgniter\Debug\Exceptions->errorHandler(2, 'Undefined variable $userInfo', 'C:\\xampp\\htdocs\\ProyectoDAW2023\\app\\Views\\administrador\\editarMedico2.php', 10)
 2 SYSTEMPATH\View\View.php(226): include('C:\\xampp\\htdocs\\ProyectoDAW2023\\app\\Views\\administrador\\editarMedico2.php')
 3 SYSTEMPATH\View\View.php(229): CodeIgniter\View\View->CodeIgniter\View\{closure}()
 4 SYSTEMPATH\Common.php(1188): CodeIgniter\View\View->render('administrador/editarMedico2', [], true)
 5 APPPATH\Controllers\Administrador.php(473): view('administrador/editarMedico2', [...])
 6 SYSTEMPATH\CodeIgniter.php(919): App\Controllers\Administrador->editarMedico2('36')
 7 SYSTEMPATH\CodeIgniter.php(494): CodeIgniter\CodeIgniter->runController(Object(App\Controllers\Administrador))
 8 SYSTEMPATH\CodeIgniter.php(353): CodeIgniter\CodeIgniter->handleRequest(null, Object(Config\Cache), false)
 9 FCPATH\index.php(79): CodeIgniter\CodeIgniter->run()
10 SYSTEMPATH\Commands\Server\rewrite.php(47): require_once('C:\\xampp\\htdocs\\ProyectoDAW2023\\public\\index.php')
CRITICAL - 2023-11-16 01:06:20 --> Attempt to read property "estado" on array
in APPPATH\Views\administrador\editarMedico2.php on line 27.
 1 APPPATH\Views\administrador\editarMedico2.php(27): CodeIgniter\Debug\Exceptions->errorHandler(2, 'Attempt to read property "estado" on array', 'C:\\xampp\\htdocs\\ProyectoDAW2023\\app\\Views\\administrador\\editarMedico2.php', 27)
 2 SYSTEMPATH\View\View.php(226): include('C:\\xampp\\htdocs\\ProyectoDAW2023\\app\\Views\\administrador\\editarMedico2.php')
 3 SYSTEMPATH\View\View.php(229): CodeIgniter\View\View->CodeIgniter\View\{closure}()
 4 SYSTEMPATH\Common.php(1188): CodeIgniter\View\View->render('administrador/editarMedico2', [], true)
 5 APPPATH\Controllers\Administrador.php(475): view('administrador/editarMedico2', [...])
 6 SYSTEMPATH\CodeIgniter.php(919): App\Controllers\Administrador->editarMedico2('36')
 7 SYSTEMPATH\CodeIgniter.php(494): CodeIgniter\CodeIgniter->runController(Object(App\Controllers\Administrador))
 8 SYSTEMPATH\CodeIgniter.php(353): CodeIgniter\CodeIgniter->handleRequest(null, Object(Config\Cache), false)
 9 FCPATH\index.php(79): CodeIgniter\CodeIgniter->run()
10 SYSTEMPATH\Commands\Server\rewrite.php(47): require_once('C:\\xampp\\htdocs\\ProyectoDAW2023\\public\\index.php')
CRITICAL - 2023-11-16 01:06:49 --> Attempt to read property "estado" on array
in APPPATH\Views\administrador\editarMedico2.php on line 27.
 1 APPPATH\Views\administrador\editarMedico2.php(27): CodeIgniter\Debug\Exceptions->errorHandler(2, 'Attempt to read property "estado" on array', 'C:\\xampp\\htdocs\\ProyectoDAW2023\\app\\Views\\administrador\\editarMedico2.php', 27)
 2 SYSTEMPATH\View\View.php(226): include('C:\\xampp\\htdocs\\ProyectoDAW2023\\app\\Views\\administrador\\editarMedico2.php')
 3 SYSTEMPATH\View\View.php(229): CodeIgniter\View\View->CodeIgniter\View\{closure}()
 4 SYSTEMPATH\Common.php(1188): CodeIgniter\View\View->render('administrador/editarMedico2', [], true)
 5 APPPATH\Controllers\Administrador.php(475): view('administrador/editarMedico2', [...])
 6 SYSTEMPATH\CodeIgniter.php(919): App\Controllers\Administrador->editarMedico2('36')
 7 SYSTEMPATH\CodeIgniter.php(494): CodeIgniter\CodeIgniter->runController(Object(App\Controllers\Administrador))
 8 SYSTEMPATH\CodeIgniter.php(353): CodeIgniter\CodeIgniter->handleRequest(null, Object(Config\Cache), false)
 9 FCPATH\index.php(79): CodeIgniter\CodeIgniter->run()
10 SYSTEMPATH\Commands\Server\rewrite.php(47): require_once('C:\\xampp\\htdocs\\ProyectoDAW2023\\public\\index.php')
CRITICAL - 2023-11-16 01:07:02 --> Array to string conversion
in APPPATH\Views\administrador\editarMedico2.php on line 27.
 1 APPPATH\Views\administrador\editarMedico2.php(27): CodeIgniter\Debug\Exceptions->errorHandler(2, 'Array to string conversion', 'C:\\xampp\\htdocs\\ProyectoDAW2023\\app\\Views\\administrador\\editarMedico2.php', 27)
 2 SYSTEMPATH\View\View.php(226): include('C:\\xampp\\htdocs\\ProyectoDAW2023\\app\\Views\\administrador\\editarMedico2.php')
 3 SYSTEMPATH\View\View.php(229): CodeIgniter\View\View->CodeIgniter\View\{closure}()
 4 SYSTEMPATH\Common.php(1188): CodeIgniter\View\View->render('administrador/editarMedico2', [], true)
 5 APPPATH\Controllers\Administrador.php(475): view('administrador/editarMedico2', [...])
 6 SYSTEMPATH\CodeIgniter.php(919): App\Controllers\Administrador->editarMedico2('36')
 7 SYSTEMPATH\CodeIgniter.php(494): CodeIgniter\CodeIgniter->runController(Object(App\Controllers\Administrador))
 8 SYSTEMPATH\CodeIgniter.php(353): CodeIgniter\CodeIgniter->handleRequest(null, Object(Config\Cache), false)
 9 FCPATH\index.php(79): CodeIgniter\CodeIgniter->run()
10 SYSTEMPATH\Commands\Server\rewrite.php(47): require_once('C:\\xampp\\htdocs\\ProyectoDAW2023\\public\\index.php')
CRITICAL - 2023-11-16 01:07:11 --> Object of class stdClass could not be converted to string
in APPPATH\Views\administrador\editarMedico2.php on line 27.
 1 SYSTEMPATH\View\View.php(226): include()
 2 SYSTEMPATH\View\View.php(229): CodeIgniter\View\View->CodeIgniter\View\{closure}()
 3 SYSTEMPATH\Common.php(1188): CodeIgniter\View\View->render('administrador/editarMedico2', [], true)
 4 APPPATH\Controllers\Administrador.php(475): view('administrador/editarMedico2', [...])
 5 SYSTEMPATH\CodeIgniter.php(919): App\Controllers\Administrador->editarMedico2('36')
 6 SYSTEMPATH\CodeIgniter.php(494): CodeIgniter\CodeIgniter->runController(Object(App\Controllers\Administrador))
 7 SYSTEMPATH\CodeIgniter.php(353): CodeIgniter\CodeIgniter->handleRequest(null, Object(Config\Cache), false)
 8 FCPATH\index.php(79): CodeIgniter\CodeIgniter->run()
 9 SYSTEMPATH\Commands\Server\rewrite.php(47): require_once('C:\\xampp\\htdocs\\ProyectoDAW2023\\public\\index.php')
CRITICAL - 2023-11-16 01:09:34 --> Undefined property: stdClass::$geneto
in APPPATH\Views\administrador\editarMedico.php on line 41.
 1 APPPATH\Views\administrador\editarMedico.php(41): CodeIgniter\Debug\Exceptions->errorHandler(2, 'Undefined property: stdClass::$geneto', 'C:\\xampp\\htdocs\\ProyectoDAW2023\\app\\Views\\administrador\\editarMedico.php', 41)
 2 SYSTEMPATH\View\View.php(226): include('C:\\xampp\\htdocs\\ProyectoDAW2023\\app\\Views\\administrador\\editarMedico.php')
 3 SYSTEMPATH\View\View.php(229): CodeIgniter\View\View->CodeIgniter\View\{closure}()
 4 SYSTEMPATH\Common.php(1188): CodeIgniter\View\View->render('administrador/editarMedico', [], true)
 5 APPPATH\Controllers\Administrador.php(449): view('administrador/editarMedico', [...])
 6 SYSTEMPATH\CodeIgniter.php(919): App\Controllers\Administrador->editarMedico('36')
 7 SYSTEMPATH\CodeIgniter.php(494): CodeIgniter\CodeIgniter->runController(Object(App\Controllers\Administrador))
 8 SYSTEMPATH\CodeIgniter.php(353): CodeIgniter\CodeIgniter->handleRequest(null, Object(Config\Cache), false)
 9 FCPATH\index.php(79): CodeIgniter\CodeIgniter->run()
10 SYSTEMPATH\Commands\Server\rewrite.php(47): require_once('C:\\xampp\\htdocs\\ProyectoDAW2023\\public\\index.php')
ERROR - 2023-11-16 01:12:47 --> mysqli_sql_exception: Duplicate entry 'ajsdk' for key 'username' in C:\xampp\htdocs\ProyectoDAW2023\system\Database\MySQLi\Connection.php:306
Stack trace:
#0 C:\xampp\htdocs\ProyectoDAW2023\system\Database\MySQLi\Connection.php(306): mysqli->query('INSERT INTO `us...', 0)
#1 C:\xampp\htdocs\ProyectoDAW2023\system\Database\BaseConnection.php(692): CodeIgniter\Database\MySQLi\Connection->execute('INSERT INTO `us...')
#2 C:\xampp\htdocs\ProyectoDAW2023\system\Database\BaseConnection.php(606): CodeIgniter\Database\BaseConnection->simpleQuery('INSERT INTO `us...')
#3 C:\xampp\htdocs\ProyectoDAW2023\system\Database\BaseBuilder.php(2308): CodeIgniter\Database\BaseConnection->query('INSERT INTO `us...', Array, false)
#4 C:\xampp\htdocs\ProyectoDAW2023\system\Model.php(319): CodeIgniter\Database\BaseBuilder->insert()
#5 C:\xampp\htdocs\ProyectoDAW2023\system\BaseModel.php(788): CodeIgniter\Model->doInsert(Array)
#6 C:\xampp\htdocs\ProyectoDAW2023\system\Model.php(715): CodeIgniter\BaseModel->insert(Array, true)
#7 C:\xampp\htdocs\ProyectoDAW2023\app\Controllers\Administrador.php(497): CodeIgniter\Model->insert(Array)
#8 C:\xampp\htdocs\ProyectoDAW2023\system\CodeIgniter.php(919): App\Controllers\Administrador->medicoUpdate()
#9 C:\xampp\htdocs\ProyectoDAW2023\system\CodeIgniter.php(494): CodeIgniter\CodeIgniter->runController(Object(App\Controllers\Administrador))
#10 C:\xampp\htdocs\ProyectoDAW2023\system\CodeIgniter.php(353): CodeIgniter\CodeIgniter->handleRequest(NULL, Object(Config\Cache), false)
#11 C:\xampp\htdocs\ProyectoDAW2023\public\index.php(79): CodeIgniter\CodeIgniter->run()
#12 C:\xampp\htdocs\ProyectoDAW2023\system\Commands\Server\rewrite.php(47): require_once('C:\\xampp\\htdocs...')
#13 {main}
CRITICAL - 2023-11-16 01:12:48 --> Duplicate entry 'ajsdk' for key 'username'
in SYSTEMPATH\Database\BaseConnection.php on line 646.
 1 SYSTEMPATH\Database\BaseBuilder.php(2308): CodeIgniter\Database\BaseConnection->query('INSERT INTO `users` (`correo`, `username`, `password`, `medico`, `created_at`) VALUES (:correo:, :username:, :password:, :medico:, :created_at:)', [...], false)
 2 SYSTEMPATH\Model.php(319): CodeIgniter\Database\BaseBuilder->insert()
 3 SYSTEMPATH\BaseModel.php(788): CodeIgniter\Model->doInsert([...])
 4 SYSTEMPATH\Model.php(715): CodeIgniter\BaseModel->insert([...], true)
 5 APPPATH\Controllers\Administrador.php(497): CodeIgniter\Model->insert([...])
 6 SYSTEMPATH\CodeIgniter.php(919): App\Controllers\Administrador->medicoUpdate()
 7 SYSTEMPATH\CodeIgniter.php(494): CodeIgniter\CodeIgniter->runController(Object(App\Controllers\Administrador))
 8 SYSTEMPATH\CodeIgniter.php(353): CodeIgniter\CodeIgniter->handleRequest(null, Object(Config\Cache), false)
 9 FCPATH\index.php(79): CodeIgniter\CodeIgniter->run()
10 SYSTEMPATH\Commands\Server\rewrite.php(47): require_once('C:\\xampp\\htdocs\\ProyectoDAW2023\\public\\index.php')
CRITICAL - 2023-11-16 02:04:32 --> foreach() argument must be of type array|object, string given
in APPPATH\Views\administrador\sabermasMedicamento.php on line 25.
 1 APPPATH\Views\administrador\sabermasMedicamento.php(25): CodeIgniter\Debug\Exceptions->errorHandler(2, 'foreach() argument must be of type array|object, string given', 'C:\\xampp\\htdocs\\ProyectoDAW2023\\app\\Views\\administrador\\sabermasMedicamento.php', 25)
 2 SYSTEMPATH\View\View.php(226): include('C:\\xampp\\htdocs\\ProyectoDAW2023\\app\\Views\\administrador\\sabermasMedicamento.php')
 3 SYSTEMPATH\View\View.php(229): CodeIgniter\View\View->CodeIgniter\View\{closure}()
 4 SYSTEMPATH\Common.php(1188): CodeIgniter\View\View->render('administrador/sabermasMedicamento', [], true)
 5 APPPATH\Controllers\Administrador.php(691): view('administrador/sabermasMedicamento', [...])
 6 SYSTEMPATH\CodeIgniter.php(919): App\Controllers\Administrador->medicamentoSaberMas('1')
 7 SYSTEMPATH\CodeIgniter.php(494): CodeIgniter\CodeIgniter->runController(Object(App\Controllers\Administrador))
 8 SYSTEMPATH\CodeIgniter.php(353): CodeIgniter\CodeIgniter->handleRequest(null, Object(Config\Cache), false)
 9 FCPATH\index.php(79): CodeIgniter\CodeIgniter->run()
10 SYSTEMPATH\Commands\Server\rewrite.php(47): require_once('C:\\xampp\\htdocs\\ProyectoDAW2023\\public\\index.php')
ERROR - 2023-11-16 02:07:02 --> mysqli_sql_exception: Operand should contain 1 column(s) in C:\xampp\htdocs\ProyectoDAW2023\system\Database\MySQLi\Connection.php:306
Stack trace:
#0 C:\xampp\htdocs\ProyectoDAW2023\system\Database\MySQLi\Connection.php(306): mysqli->query('UPDATE `medicam...', 0)
#1 C:\xampp\htdocs\ProyectoDAW2023\system\Database\BaseConnection.php(692): CodeIgniter\Database\MySQLi\Connection->execute('UPDATE `medicam...')
#2 C:\xampp\htdocs\ProyectoDAW2023\system\Database\BaseConnection.php(606): CodeIgniter\Database\BaseConnection->simpleQuery('UPDATE `medicam...')
#3 C:\xampp\htdocs\ProyectoDAW2023\system\Database\BaseBuilder.php(2475): CodeIgniter\Database\BaseConnection->query('UPDATE `medicam...', Array, false)
#4 C:\xampp\htdocs\ProyectoDAW2023\system\Model.php(385): CodeIgniter\Database\BaseBuilder->update()
#5 C:\xampp\htdocs\ProyectoDAW2023\system\BaseModel.php(949): CodeIgniter\Model->doUpdate(Array, Array)
#6 C:\xampp\htdocs\ProyectoDAW2023\system\Model.php(776): CodeIgniter\BaseModel->update(Array, Array)
#7 C:\xampp\htdocs\ProyectoDAW2023\app\Controllers\Administrador.php(722): CodeIgniter\Model->update('1', Array)
#8 C:\xampp\htdocs\ProyectoDAW2023\system\CodeIgniter.php(919): App\Controllers\Administrador->updateMedicamento()
#9 C:\xampp\htdocs\ProyectoDAW2023\system\CodeIgniter.php(494): CodeIgniter\CodeIgniter->runController(Object(App\Controllers\Administrador))
#10 C:\xampp\htdocs\ProyectoDAW2023\system\CodeIgniter.php(353): CodeIgniter\CodeIgniter->handleRequest(NULL, Object(Config\Cache), false)
#11 C:\xampp\htdocs\ProyectoDAW2023\public\index.php(79): CodeIgniter\CodeIgniter->run()
#12 C:\xampp\htdocs\ProyectoDAW2023\system\Commands\Server\rewrite.php(47): require_once('C:\\xampp\\htdocs...')
#13 {main}
CRITICAL - 2023-11-16 02:07:02 --> Operand should contain 1 column(s)
in SYSTEMPATH\Database\BaseConnection.php on line 646.
 1 SYSTEMPATH\Database\BaseBuilder.php(2475): CodeIgniter\Database\BaseConnection->query('UPDATE `medicamentos` SET `nombreComercial` = :nombreComercial:, `nombreCinetifico` = :nombreCinetifico:, `formaFarmaceutica` = :formaFarmaceutica:, `dosis` = :dosis:, `fechaCaducidad` = :fechaCaducidad:, `loteFabricacion` = :loteFabricacion:, `version` = :version:, `simbolo` = :simbolo:, `imagenEmpaque` = :imagenEmpaque:, `stock` = :stock:, `updated_at` = :updated_at:
WHERE `medicamentos`.`id` IN :medicamentos.id:', [...], false)
 2 SYSTEMPATH\Model.php(385): CodeIgniter\Database\BaseBuilder->update()
 3 SYSTEMPATH\BaseModel.php(949): CodeIgniter\Model->doUpdate([...], [...])
 4 SYSTEMPATH\Model.php(776): CodeIgniter\BaseModel->update([...], [...])
 5 APPPATH\Controllers\Administrador.php(722): CodeIgniter\Model->update('1', [...])
 6 SYSTEMPATH\CodeIgniter.php(919): App\Controllers\Administrador->updateMedicamento()
 7 SYSTEMPATH\CodeIgniter.php(494): CodeIgniter\CodeIgniter->runController(Object(App\Controllers\Administrador))
 8 SYSTEMPATH\CodeIgniter.php(353): CodeIgniter\CodeIgniter->handleRequest(null, Object(Config\Cache), false)
 9 FCPATH\index.php(79): CodeIgniter\CodeIgniter->run()
10 SYSTEMPATH\Commands\Server\rewrite.php(47): require_once('C:\\xampp\\htdocs\\ProyectoDAW2023\\public\\index.php')
CRITICAL - 2023-11-16 02:25:09 --> Undefined property: stdClass::$imagenEmpaque
in APPPATH\Views\administrador\editarPaciente.php on line 14.
 1 APPPATH\Views\administrador\editarPaciente.php(14): CodeIgniter\Debug\Exceptions->errorHandler(2, 'Undefined property: stdClass::$imagenEmpaque', 'C:\\xampp\\htdocs\\ProyectoDAW2023\\app\\Views\\administrador\\editarPaciente.php', 14)
 2 SYSTEMPATH\View\View.php(226): include('C:\\xampp\\htdocs\\ProyectoDAW2023\\app\\Views\\administrador\\editarPaciente.php')
 3 SYSTEMPATH\View\View.php(229): CodeIgniter\View\View->CodeIgniter\View\{closure}()
 4 SYSTEMPATH\Common.php(1188): CodeIgniter\View\View->render('administrador/editarPaciente', [], true)
 5 APPPATH\Controllers\Administrador.php(219): view('administrador/editarPaciente', [...])
 6 SYSTEMPATH\CodeIgniter.php(919): App\Controllers\Administrador->editarPaciente('3')
 7 SYSTEMPATH\CodeIgniter.php(494): CodeIgniter\CodeIgniter->runController(Object(App\Controllers\Administrador))
 8 SYSTEMPATH\CodeIgniter.php(353): CodeIgniter\CodeIgniter->handleRequest(null, Object(Config\Cache), false)
 9 FCPATH\index.php(79): CodeIgniter\CodeIgniter->run()
10 SYSTEMPATH\Commands\Server\rewrite.php(47): require_once('C:\\xampp\\htdocs\\ProyectoDAW2023\\public\\index.php')
CRITICAL - 2023-11-16 02:25:16 --> Undefined property: stdClass::$imagenEmpaque
in APPPATH\Views\administrador\editarPaciente.php on line 14.
 1 APPPATH\Views\administrador\editarPaciente.php(14): CodeIgniter\Debug\Exceptions->errorHandler(2, 'Undefined property: stdClass::$imagenEmpaque', 'C:\\xampp\\htdocs\\ProyectoDAW2023\\app\\Views\\administrador\\editarPaciente.php', 14)
 2 SYSTEMPATH\View\View.php(226): include('C:\\xampp\\htdocs\\ProyectoDAW2023\\app\\Views\\administrador\\editarPaciente.php')
 3 SYSTEMPATH\View\View.php(229): CodeIgniter\View\View->CodeIgniter\View\{closure}()
 4 SYSTEMPATH\Common.php(1188): CodeIgniter\View\View->render('administrador/editarPaciente', [], true)
 5 APPPATH\Controllers\Administrador.php(219): view('administrador/editarPaciente', [...])
 6 SYSTEMPATH\CodeIgniter.php(919): App\Controllers\Administrador->editarPaciente('3')
 7 SYSTEMPATH\CodeIgniter.php(494): CodeIgniter\CodeIgniter->runController(Object(App\Controllers\Administrador))
 8 SYSTEMPATH\CodeIgniter.php(353): CodeIgniter\CodeIgniter->handleRequest(null, Object(Config\Cache), false)
 9 FCPATH\index.php(79): CodeIgniter\CodeIgniter->run()
10 SYSTEMPATH\Commands\Server\rewrite.php(47): require_once('C:\\xampp\\htdocs\\ProyectoDAW2023\\public\\index.php')
CRITICAL - 2023-11-16 02:36:45 --> Undefined array key "id"
in APPPATH\Controllers\Administrador.php on line 450.
 1 APPPATH\Controllers\Administrador.php(450): CodeIgniter\Debug\Exceptions->errorHandler(2, 'Undefined array key "id"', 'C:\\xampp\\htdocs\\ProyectoDAW2023\\app\\Controllers\\Administrador.php', 450)
 2 SYSTEMPATH\CodeIgniter.php(919): App\Controllers\Administrador->medicoSaberMas('1')
 3 SYSTEMPATH\CodeIgniter.php(494): CodeIgniter\CodeIgniter->runController(Object(App\Controllers\Administrador))
 4 SYSTEMPATH\CodeIgniter.php(353): CodeIgniter\CodeIgniter->handleRequest(null, Object(Config\Cache), false)
 5 FCPATH\index.php(79): CodeIgniter\CodeIgniter->run()
 6 SYSTEMPATH\Commands\Server\rewrite.php(47): require_once('C:\\xampp\\htdocs\\ProyectoDAW2023\\public\\index.php')
CRITICAL - 2023-11-16 02:37:03 --> Undefined variable $medicamento
in APPPATH\Views\administrador\sabermasMedicamento.php on line 11.
 1 APPPATH\Views\administrador\sabermasMedicamento.php(11): CodeIgniter\Debug\Exceptions->errorHandler(2, 'Undefined variable $medicamento', 'C:\\xampp\\htdocs\\ProyectoDAW2023\\app\\Views\\administrador\\sabermasMedicamento.php', 11)
 2 SYSTEMPATH\View\View.php(226): include('C:\\xampp\\htdocs\\ProyectoDAW2023\\app\\Views\\administrador\\sabermasMedicamento.php')
 3 SYSTEMPATH\View\View.php(229): CodeIgniter\View\View->CodeIgniter\View\{closure}()
 4 SYSTEMPATH\Common.php(1188): CodeIgniter\View\View->render('administrador/sabermasMedicamento', [], true)
 5 APPPATH\Controllers\Administrador.php(454): view('administrador/sabermasMedicamento', [...])
 6 SYSTEMPATH\CodeIgniter.php(919): App\Controllers\Administrador->medicoSaberMas('1')
 7 SYSTEMPATH\CodeIgniter.php(494): CodeIgniter\CodeIgniter->runController(Object(App\Controllers\Administrador))
 8 SYSTEMPATH\CodeIgniter.php(353): CodeIgniter\CodeIgniter->handleRequest(null, Object(Config\Cache), false)
 9 FCPATH\index.php(79): CodeIgniter\CodeIgniter->run()
10 SYSTEMPATH\Commands\Server\rewrite.php(47): require_once('C:\\xampp\\htdocs\\ProyectoDAW2023\\public\\index.php')
CRITICAL - 2023-11-16 02:37:46 --> Undefined variable $medicamento
in APPPATH\Views\administrador\sabermasMedicamento.php on line 11.
 1 APPPATH\Views\administrador\sabermasMedicamento.php(11): CodeIgniter\Debug\Exceptions->errorHandler(2, 'Undefined variable $medicamento', 'C:\\xampp\\htdocs\\ProyectoDAW2023\\app\\Views\\administrador\\sabermasMedicamento.php', 11)
 2 SYSTEMPATH\View\View.php(226): include('C:\\xampp\\htdocs\\ProyectoDAW2023\\app\\Views\\administrador\\sabermasMedicamento.php')
 3 SYSTEMPATH\View\View.php(229): CodeIgniter\View\View->CodeIgniter\View\{closure}()
 4 SYSTEMPATH\Common.php(1188): CodeIgniter\View\View->render('administrador/sabermasMedicamento', [], true)
 5 APPPATH\Controllers\Administrador.php(454): view('administrador/sabermasMedicamento', [...])
 6 SYSTEMPATH\CodeIgniter.php(919): App\Controllers\Administrador->medicoSaberMas('1')
 7 SYSTEMPATH\CodeIgniter.php(494): CodeIgniter\CodeIgniter->runController(Object(App\Controllers\Administrador))
 8 SYSTEMPATH\CodeIgniter.php(353): CodeIgniter\CodeIgniter->handleRequest(null, Object(Config\Cache), false)
 9 FCPATH\index.php(79): CodeIgniter\CodeIgniter->run()
10 SYSTEMPATH\Commands\Server\rewrite.php(47): require_once('C:\\xampp\\htdocs\\ProyectoDAW2023\\public\\index.php')
CRITICAL - 2023-11-16 02:37:52 --> Undefined variable $medicamento
in APPPATH\Views\administrador\sabermasMedicamento.php on line 11.
 1 APPPATH\Views\administrador\sabermasMedicamento.php(11): CodeIgniter\Debug\Exceptions->errorHandler(2, 'Undefined variable $medicamento', 'C:\\xampp\\htdocs\\ProyectoDAW2023\\app\\Views\\administrador\\sabermasMedicamento.php', 11)
 2 SYSTEMPATH\View\View.php(226): include('C:\\xampp\\htdocs\\ProyectoDAW2023\\app\\Views\\administrador\\sabermasMedicamento.php')
 3 SYSTEMPATH\View\View.php(229): CodeIgniter\View\View->CodeIgniter\View\{closure}()
 4 SYSTEMPATH\Common.php(1188): CodeIgniter\View\View->render('administrador/sabermasMedicamento', [], true)
 5 APPPATH\Controllers\Administrador.php(454): view('administrador/sabermasMedicamento', [...])
 6 SYSTEMPATH\CodeIgniter.php(919): App\Controllers\Administrador->medicoSaberMas('1')
 7 SYSTEMPATH\CodeIgniter.php(494): CodeIgniter\CodeIgniter->runController(Object(App\Controllers\Administrador))
 8 SYSTEMPATH\CodeIgniter.php(353): CodeIgniter\CodeIgniter->handleRequest(null, Object(Config\Cache), false)
 9 FCPATH\index.php(79): CodeIgniter\CodeIgniter->run()
10 SYSTEMPATH\Commands\Server\rewrite.php(47): require_once('C:\\xampp\\htdocs\\ProyectoDAW2023\\public\\index.php')
CRITICAL - 2023-11-16 02:39:06 --> Undefined variable $medicamento
in APPPATH\Views\administrador\sabermasMedicamento.php on line 11.
 1 APPPATH\Views\administrador\sabermasMedicamento.php(11): CodeIgniter\Debug\Exceptions->errorHandler(2, 'Undefined variable $medicamento', 'C:\\xampp\\htdocs\\ProyectoDAW2023\\app\\Views\\administrador\\sabermasMedicamento.php', 11)
 2 SYSTEMPATH\View\View.php(226): include('C:\\xampp\\htdocs\\ProyectoDAW2023\\app\\Views\\administrador\\sabermasMedicamento.php')
 3 SYSTEMPATH\View\View.php(229): CodeIgniter\View\View->CodeIgniter\View\{closure}()
 4 SYSTEMPATH\Common.php(1188): CodeIgniter\View\View->render('administrador/sabermasMedicamento', [], true)
 5 APPPATH\Controllers\Administrador.php(454): view('administrador/sabermasMedicamento', [...])
 6 SYSTEMPATH\CodeIgniter.php(919): App\Controllers\Administrador->medicoSaberMas('1')
 7 SYSTEMPATH\CodeIgniter.php(494): CodeIgniter\CodeIgniter->runController(Object(App\Controllers\Administrador))
 8 SYSTEMPATH\CodeIgniter.php(353): CodeIgniter\CodeIgniter->handleRequest(null, Object(Config\Cache), false)
 9 FCPATH\index.php(79): CodeIgniter\CodeIgniter->run()
10 SYSTEMPATH\Commands\Server\rewrite.php(47): require_once('C:\\xampp\\htdocs\\ProyectoDAW2023\\public\\index.php')
CRITICAL - 2023-11-16 02:39:08 --> Undefined variable $medicamento
in APPPATH\Views\administrador\sabermasMedicamento.php on line 11.
 1 APPPATH\Views\administrador\sabermasMedicamento.php(11): CodeIgniter\Debug\Exceptions->errorHandler(2, 'Undefined variable $medicamento', 'C:\\xampp\\htdocs\\ProyectoDAW2023\\app\\Views\\administrador\\sabermasMedicamento.php', 11)
 2 SYSTEMPATH\View\View.php(226): include('C:\\xampp\\htdocs\\ProyectoDAW2023\\app\\Views\\administrador\\sabermasMedicamento.php')
 3 SYSTEMPATH\View\View.php(229): CodeIgniter\View\View->CodeIgniter\View\{closure}()
 4 SYSTEMPATH\Common.php(1188): CodeIgniter\View\View->render('administrador/sabermasMedicamento', [], true)
 5 APPPATH\Controllers\Administrador.php(454): view('administrador/sabermasMedicamento', [...])
 6 SYSTEMPATH\CodeIgniter.php(919): App\Controllers\Administrador->medicoSaberMas('1')
 7 SYSTEMPATH\CodeIgniter.php(494): CodeIgniter\CodeIgniter->runController(Object(App\Controllers\Administrador))
 8 SYSTEMPATH\CodeIgniter.php(353): CodeIgniter\CodeIgniter->handleRequest(null, Object(Config\Cache), false)
 9 FCPATH\index.php(79): CodeIgniter\CodeIgniter->run()
10 SYSTEMPATH\Commands\Server\rewrite.php(47): require_once('C:\\xampp\\htdocs\\ProyectoDAW2023\\public\\index.php')
CRITICAL - 2023-11-16 02:39:18 --> Undefined property: stdClass::$primerNombre
in APPPATH\Views\administrador\sabermasMedico.php on line 11.
 1 APPPATH\Views\administrador\sabermasMedico.php(11): CodeIgniter\Debug\Exceptions->errorHandler(2, 'Undefined property: stdClass::$primerNombre', 'C:\\xampp\\htdocs\\ProyectoDAW2023\\app\\Views\\administrador\\sabermasMedico.php', 11)
 2 SYSTEMPATH\View\View.php(226): include('C:\\xampp\\htdocs\\ProyectoDAW2023\\app\\Views\\administrador\\sabermasMedico.php')
 3 SYSTEMPATH\View\View.php(229): CodeIgniter\View\View->CodeIgniter\View\{closure}()
 4 SYSTEMPATH\Common.php(1188): CodeIgniter\View\View->render('administrador/sabermasMedico', [], true)
 5 APPPATH\Controllers\Administrador.php(454): view('administrador/sabermasMedico', [...])
 6 SYSTEMPATH\CodeIgniter.php(919): App\Controllers\Administrador->medicoSaberMas('1')
 7 SYSTEMPATH\CodeIgniter.php(494): CodeIgniter\CodeIgniter->runController(Object(App\Controllers\Administrador))
 8 SYSTEMPATH\CodeIgniter.php(353): CodeIgniter\CodeIgniter->handleRequest(null, Object(Config\Cache), false)
 9 FCPATH\index.php(79): CodeIgniter\CodeIgniter->run()
10 SYSTEMPATH\Commands\Server\rewrite.php(47): require_once('C:\\xampp\\htdocs\\ProyectoDAW2023\\public\\index.php')
CRITICAL - 2023-11-16 02:39:42 --> Undefined property: stdClass::$primerNombre
in APPPATH\Views\administrador\sabermasMedico.php on line 11.
 1 APPPATH\Views\administrador\sabermasMedico.php(11): CodeIgniter\Debug\Exceptions->errorHandler(2, 'Undefined property: stdClass::$primerNombre', 'C:\\xampp\\htdocs\\ProyectoDAW2023\\app\\Views\\administrador\\sabermasMedico.php', 11)
 2 SYSTEMPATH\View\View.php(226): include('C:\\xampp\\htdocs\\ProyectoDAW2023\\app\\Views\\administrador\\sabermasMedico.php')
 3 SYSTEMPATH\View\View.php(229): CodeIgniter\View\View->CodeIgniter\View\{closure}()
 4 SYSTEMPATH\Common.php(1188): CodeIgniter\View\View->render('administrador/sabermasMedico', [], true)
 5 APPPATH\Controllers\Administrador.php(454): view('administrador/sabermasMedico', [...])
 6 SYSTEMPATH\CodeIgniter.php(919): App\Controllers\Administrador->medicoSaberMas('1')
 7 SYSTEMPATH\CodeIgniter.php(494): CodeIgniter\CodeIgniter->runController(Object(App\Controllers\Administrador))
 8 SYSTEMPATH\CodeIgniter.php(353): CodeIgniter\CodeIgniter->handleRequest(null, Object(Config\Cache), false)
 9 FCPATH\index.php(79): CodeIgniter\CodeIgniter->run()
10 SYSTEMPATH\Commands\Server\rewrite.php(47): require_once('C:\\xampp\\htdocs\\ProyectoDAW2023\\public\\index.php')
CRITICAL - 2023-11-16 02:39:58 --> Object of class stdClass could not be converted to string
in APPPATH\Views\administrador\sabermasMedico.php on line 11.
 1 SYSTEMPATH\View\View.php(226): include()
 2 SYSTEMPATH\View\View.php(229): CodeIgniter\View\View->CodeIgniter\View\{closure}()
 3 SYSTEMPATH\Common.php(1188): CodeIgniter\View\View->render('administrador/sabermasMedico', [], true)
 4 APPPATH\Controllers\Administrador.php(454): view('administrador/sabermasMedico', [...])
 5 SYSTEMPATH\CodeIgniter.php(919): App\Controllers\Administrador->medicoSaberMas('1')
 6 SYSTEMPATH\CodeIgniter.php(494): CodeIgniter\CodeIgniter->runController(Object(App\Controllers\Administrador))
 7 SYSTEMPATH\CodeIgniter.php(353): CodeIgniter\CodeIgniter->handleRequest(null, Object(Config\Cache), false)
 8 FCPATH\index.php(79): CodeIgniter\CodeIgniter->run()
 9 SYSTEMPATH\Commands\Server\rewrite.php(47): require_once('C:\\xampp\\htdocs\\ProyectoDAW2023\\public\\index.php')
CRITICAL - 2023-11-16 02:40:04 --> Cannot use object of type stdClass as array
in APPPATH\Views\administrador\sabermasMedico.php on line 11.
 1 SYSTEMPATH\View\View.php(226): include()
 2 SYSTEMPATH\View\View.php(229): CodeIgniter\View\View->CodeIgniter\View\{closure}()
 3 SYSTEMPATH\Common.php(1188): CodeIgniter\View\View->render('administrador/sabermasMedico', [], true)
 4 APPPATH\Controllers\Administrador.php(454): view('administrador/sabermasMedico', [...])
 5 SYSTEMPATH\CodeIgniter.php(919): App\Controllers\Administrador->medicoSaberMas('1')
 6 SYSTEMPATH\CodeIgniter.php(494): CodeIgniter\CodeIgniter->runController(Object(App\Controllers\Administrador))
 7 SYSTEMPATH\CodeIgniter.php(353): CodeIgniter\CodeIgniter->handleRequest(null, Object(Config\Cache), false)
 8 FCPATH\index.php(79): CodeIgniter\CodeIgniter->run()
 9 SYSTEMPATH\Commands\Server\rewrite.php(47): require_once('C:\\xampp\\htdocs\\ProyectoDAW2023\\public\\index.php')
CRITICAL - 2023-11-16 02:40:10 --> Cannot use object of type stdClass as array
in APPPATH\Views\administrador\sabermasMedico.php on line 11.
 1 SYSTEMPATH\View\View.php(226): include()
 2 SYSTEMPATH\View\View.php(229): CodeIgniter\View\View->CodeIgniter\View\{closure}()
 3 SYSTEMPATH\Common.php(1188): CodeIgniter\View\View->render('administrador/sabermasMedico', [], true)
 4 APPPATH\Controllers\Administrador.php(454): view('administrador/sabermasMedico', [...])
 5 SYSTEMPATH\CodeIgniter.php(919): App\Controllers\Administrador->medicoSaberMas('1')
 6 SYSTEMPATH\CodeIgniter.php(494): CodeIgniter\CodeIgniter->runController(Object(App\Controllers\Administrador))
 7 SYSTEMPATH\CodeIgniter.php(353): CodeIgniter\CodeIgniter->handleRequest(null, Object(Config\Cache), false)
 8 FCPATH\index.php(79): CodeIgniter\CodeIgniter->run()
 9 SYSTEMPATH\Commands\Server\rewrite.php(47): require_once('C:\\xampp\\htdocs\\ProyectoDAW2023\\public\\index.php')
CRITICAL - 2023-11-16 02:41:56 --> Undefined property: stdClass::$foto
in APPPATH\Views\administrador\sabermasMedico.php on line 13.
 1 APPPATH\Views\administrador\sabermasMedico.php(13): CodeIgniter\Debug\Exceptions->errorHandler(2, 'Undefined property: stdClass::$foto', 'C:\\xampp\\htdocs\\ProyectoDAW2023\\app\\Views\\administrador\\sabermasMedico.php', 13)
 2 SYSTEMPATH\View\View.php(226): include('C:\\xampp\\htdocs\\ProyectoDAW2023\\app\\Views\\administrador\\sabermasMedico.php')
 3 SYSTEMPATH\View\View.php(229): CodeIgniter\View\View->CodeIgniter\View\{closure}()
 4 SYSTEMPATH\Common.php(1188): CodeIgniter\View\View->render('administrador/sabermasMedico', [], true)
 5 APPPATH\Controllers\Administrador.php(454): view('administrador/sabermasMedico', [...])
 6 SYSTEMPATH\CodeIgniter.php(919): App\Controllers\Administrador->medicoSaberMas('1')
 7 SYSTEMPATH\CodeIgniter.php(494): CodeIgniter\CodeIgniter->runController(Object(App\Controllers\Administrador))
 8 SYSTEMPATH\CodeIgniter.php(353): CodeIgniter\CodeIgniter->handleRequest(null, Object(Config\Cache), false)
 9 FCPATH\index.php(79): CodeIgniter\CodeIgniter->run()
10 SYSTEMPATH\Commands\Server\rewrite.php(47): require_once('C:\\xampp\\htdocs\\ProyectoDAW2023\\public\\index.php')
CRITICAL - 2023-11-16 02:42:04 --> Undefined variable $medicamento
in APPPATH\Views\administrador\sabermasMedico.php on line 22.
 1 APPPATH\Views\administrador\sabermasMedico.php(22): CodeIgniter\Debug\Exceptions->errorHandler(2, 'Undefined variable $medicamento', 'C:\\xampp\\htdocs\\ProyectoDAW2023\\app\\Views\\administrador\\sabermasMedico.php', 22)
 2 SYSTEMPATH\View\View.php(226): include('C:\\xampp\\htdocs\\ProyectoDAW2023\\app\\Views\\administrador\\sabermasMedico.php')
 3 SYSTEMPATH\View\View.php(229): CodeIgniter\View\View->CodeIgniter\View\{closure}()
 4 SYSTEMPATH\Common.php(1188): CodeIgniter\View\View->render('administrador/sabermasMedico', [], true)
 5 APPPATH\Controllers\Administrador.php(454): view('administrador/sabermasMedico', [...])
 6 SYSTEMPATH\CodeIgniter.php(919): App\Controllers\Administrador->medicoSaberMas('1')
 7 SYSTEMPATH\CodeIgniter.php(494): CodeIgniter\CodeIgniter->runController(Object(App\Controllers\Administrador))
 8 SYSTEMPATH\CodeIgniter.php(353): CodeIgniter\CodeIgniter->handleRequest(null, Object(Config\Cache), false)
 9 FCPATH\index.php(79): CodeIgniter\CodeIgniter->run()
10 SYSTEMPATH\Commands\Server\rewrite.php(47): require_once('C:\\xampp\\htdocs\\ProyectoDAW2023\\public\\index.php')
CRITICAL - 2023-11-16 02:54:48 --> Undefined property: stdClass::$username
in APPPATH\Views\administrador\sabermasMedico.php on line 23.
 1 APPPATH\Views\administrador\sabermasMedico.php(23): CodeIgniter\Debug\Exceptions->errorHandler(2, 'Undefined property: stdClass::$username', 'C:\\xampp\\htdocs\\ProyectoDAW2023\\app\\Views\\administrador\\sabermasMedico.php', 23)
 2 SYSTEMPATH\View\View.php(226): include('C:\\xampp\\htdocs\\ProyectoDAW2023\\app\\Views\\administrador\\sabermasMedico.php')
 3 SYSTEMPATH\View\View.php(229): CodeIgniter\View\View->CodeIgniter\View\{closure}()
 4 SYSTEMPATH\Common.php(1188): CodeIgniter\View\View->render('administrador/sabermasMedico', [], true)
 5 APPPATH\Controllers\Administrador.php(456): view('administrador/sabermasMedico', [...])
 6 SYSTEMPATH\CodeIgniter.php(919): App\Controllers\Administrador->medicoSaberMas('1')
 7 SYSTEMPATH\CodeIgniter.php(494): CodeIgniter\CodeIgniter->runController(Object(App\Controllers\Administrador))
 8 SYSTEMPATH\CodeIgniter.php(353): CodeIgniter\CodeIgniter->handleRequest(null, Object(Config\Cache), false)
 9 FCPATH\index.php(79): CodeIgniter\CodeIgniter->run()
10 SYSTEMPATH\Commands\Server\rewrite.php(47): require_once('C:\\xampp\\htdocs\\ProyectoDAW2023\\public\\index.php')
CRITICAL - 2023-11-16 02:55:04 --> Attempt to read property "tipo" on array
in APPPATH\Views\administrador\sabermasMedico.php on line 29.
 1 APPPATH\Views\administrador\sabermasMedico.php(29): CodeIgniter\Debug\Exceptions->errorHandler(2, 'Attempt to read property "tipo" on array', 'C:\\xampp\\htdocs\\ProyectoDAW2023\\app\\Views\\administrador\\sabermasMedico.php', 29)
 2 SYSTEMPATH\View\View.php(226): include('C:\\xampp\\htdocs\\ProyectoDAW2023\\app\\Views\\administrador\\sabermasMedico.php')
 3 SYSTEMPATH\View\View.php(229): CodeIgniter\View\View->CodeIgniter\View\{closure}()
 4 SYSTEMPATH\Common.php(1188): CodeIgniter\View\View->render('administrador/sabermasMedico', [], true)
 5 APPPATH\Controllers\Administrador.php(456): view('administrador/sabermasMedico', [...])
 6 SYSTEMPATH\CodeIgniter.php(919): App\Controllers\Administrador->medicoSaberMas('1')
 7 SYSTEMPATH\CodeIgniter.php(494): CodeIgniter\CodeIgniter->runController(Object(App\Controllers\Administrador))
 8 SYSTEMPATH\CodeIgniter.php(353): CodeIgniter\CodeIgniter->handleRequest(null, Object(Config\Cache), false)
 9 FCPATH\index.php(79): CodeIgniter\CodeIgniter->run()
10 SYSTEMPATH\Commands\Server\rewrite.php(47): require_once('C:\\xampp\\htdocs\\ProyectoDAW2023\\public\\index.php')
CRITICAL - 2023-11-16 03:05:26 --> Invalid file: "administrador/sabermasPaciente.php"
in SYSTEMPATH\Exceptions\FrameworkException.php on line 39.
 1 SYSTEMPATH\View\View.php(214): CodeIgniter\Exceptions\FrameworkException::forInvalidFile('administrador/sabermasPaciente.php')
 2 SYSTEMPATH\Common.php(1188): CodeIgniter\View\View->render('administrador/sabermasPaciente', [], true)
 3 APPPATH\Controllers\Administrador.php(111): view('administrador/sabermasPaciente', [...])
 4 SYSTEMPATH\CodeIgniter.php(919): App\Controllers\Administrador->pacienteSaberMas('1')
 5 SYSTEMPATH\CodeIgniter.php(494): CodeIgniter\CodeIgniter->runController(Object(App\Controllers\Administrador))
 6 SYSTEMPATH\CodeIgniter.php(353): CodeIgniter\CodeIgniter->handleRequest(null, Object(Config\Cache), false)
 7 FCPATH\index.php(79): CodeIgniter\CodeIgniter->run()
 8 SYSTEMPATH\Commands\Server\rewrite.php(47): require_once('C:\\xampp\\htdocs\\ProyectoDAW2023\\public\\index.php')
CRITICAL - 2023-11-16 03:11:07 --> Attempt to read property "statusSeguro" on array
in APPPATH\Views\administrador\sabermasPaciente.php on line 18.
 1 APPPATH\Views\administrador\sabermasPaciente.php(18): CodeIgniter\Debug\Exceptions->errorHandler(2, 'Attempt to read property "statusSeguro" on array', 'C:\\xampp\\htdocs\\ProyectoDAW2023\\app\\Views\\administrador\\sabermasPaciente.php', 18)
 2 SYSTEMPATH\View\View.php(226): include('C:\\xampp\\htdocs\\ProyectoDAW2023\\app\\Views\\administrador\\sabermasPaciente.php')
 3 SYSTEMPATH\View\View.php(229): CodeIgniter\View\View->CodeIgniter\View\{closure}()
 4 SYSTEMPATH\Common.php(1188): CodeIgniter\View\View->render('administrador/sabermasPaciente', [], true)
 5 APPPATH\Controllers\Administrador.php(111): view('administrador/sabermasPaciente', [...])
 6 SYSTEMPATH\CodeIgniter.php(919): App\Controllers\Administrador->pacienteSaberMas('1')
 7 SYSTEMPATH\CodeIgniter.php(494): CodeIgniter\CodeIgniter->runController(Object(App\Controllers\Administrador))
 8 SYSTEMPATH\CodeIgniter.php(353): CodeIgniter\CodeIgniter->handleRequest(null, Object(Config\Cache), false)
 9 FCPATH\index.php(79): CodeIgniter\CodeIgniter->run()
10 SYSTEMPATH\Commands\Server\rewrite.php(47): require_once('C:\\xampp\\htdocs\\ProyectoDAW2023\\public\\index.php')
CRITICAL - 2023-11-16 03:11:27 --> Attempt to read property "statusSeguro" on array
in APPPATH\Views\administrador\sabermasPaciente.php on line 18.
 1 APPPATH\Views\administrador\sabermasPaciente.php(18): CodeIgniter\Debug\Exceptions->errorHandler(2, 'Attempt to read property "statusSeguro" on array', 'C:\\xampp\\htdocs\\ProyectoDAW2023\\app\\Views\\administrador\\sabermasPaciente.php', 18)
 2 SYSTEMPATH\View\View.php(226): include('C:\\xampp\\htdocs\\ProyectoDAW2023\\app\\Views\\administrador\\sabermasPaciente.php')
 3 SYSTEMPATH\View\View.php(229): CodeIgniter\View\View->CodeIgniter\View\{closure}()
 4 SYSTEMPATH\Common.php(1188): CodeIgniter\View\View->render('administrador/sabermasPaciente', [], true)
 5 APPPATH\Controllers\Administrador.php(111): view('administrador/sabermasPaciente', [...])
 6 SYSTEMPATH\CodeIgniter.php(919): App\Controllers\Administrador->pacienteSaberMas('1')
 7 SYSTEMPATH\CodeIgniter.php(494): CodeIgniter\CodeIgniter->runController(Object(App\Controllers\Administrador))
 8 SYSTEMPATH\CodeIgniter.php(353): CodeIgniter\CodeIgniter->handleRequest(null, Object(Config\Cache), false)
 9 FCPATH\index.php(79): CodeIgniter\CodeIgniter->run()
10 SYSTEMPATH\Commands\Server\rewrite.php(47): require_once('C:\\xampp\\htdocs\\ProyectoDAW2023\\public\\index.php')
CRITICAL - 2023-11-16 03:13:47 --> Cannot use object of type stdClass as array
in APPPATH\Controllers\Administrador.php on line 105.
 1 SYSTEMPATH\CodeIgniter.php(919): App\Controllers\Administrador->pacienteSaberMas('1')
 2 SYSTEMPATH\CodeIgniter.php(494): CodeIgniter\CodeIgniter->runController(Object(App\Controllers\Administrador))
 3 SYSTEMPATH\CodeIgniter.php(353): CodeIgniter\CodeIgniter->handleRequest(null, Object(Config\Cache), false)
 4 FCPATH\index.php(79): CodeIgniter\CodeIgniter->run()
 5 SYSTEMPATH\Commands\Server\rewrite.php(47): require_once('C:\\xampp\\htdocs\\ProyectoDAW2023\\public\\index.php')
CRITICAL - 2023-11-16 03:14:23 --> Attempt to read property "paciente" on array
in APPPATH\Controllers\Administrador.php on line 105.
 1 APPPATH\Controllers\Administrador.php(105): CodeIgniter\Debug\Exceptions->errorHandler(2, 'Attempt to read property "paciente" on array', 'C:\\xampp\\htdocs\\ProyectoDAW2023\\app\\Controllers\\Administrador.php', 105)
 2 SYSTEMPATH\CodeIgniter.php(919): App\Controllers\Administrador->pacienteSaberMas('1')
 3 SYSTEMPATH\CodeIgniter.php(494): CodeIgniter\CodeIgniter->runController(Object(App\Controllers\Administrador))
 4 SYSTEMPATH\CodeIgniter.php(353): CodeIgniter\CodeIgniter->handleRequest(null, Object(Config\Cache), false)
 5 FCPATH\index.php(79): CodeIgniter\CodeIgniter->run()
 6 SYSTEMPATH\Commands\Server\rewrite.php(47): require_once('C:\\xampp\\htdocs\\ProyectoDAW2023\\public\\index.php')
CRITICAL - 2023-11-16 03:15:01 --> Attempt to read property "especialidad" on array
in APPPATH\Views\administrador\sabermasMedico.php on line 23.
 1 APPPATH\Views\administrador\sabermasMedico.php(23): CodeIgniter\Debug\Exceptions->errorHandler(2, 'Attempt to read property "especialidad" on array', 'C:\\xampp\\htdocs\\ProyectoDAW2023\\app\\Views\\administrador\\sabermasMedico.php', 23)
 2 SYSTEMPATH\View\View.php(226): include('C:\\xampp\\htdocs\\ProyectoDAW2023\\app\\Views\\administrador\\sabermasMedico.php')
 3 SYSTEMPATH\View\View.php(229): CodeIgniter\View\View->CodeIgniter\View\{closure}()
 4 SYSTEMPATH\Common.php(1188): CodeIgniter\View\View->render('administrador/sabermasMedico', [], true)
 5 APPPATH\Controllers\Administrador.php(481): view('administrador/sabermasMedico', [...])
 6 SYSTEMPATH\CodeIgniter.php(919): App\Controllers\Administrador->medicoSaberMas('5')
 7 SYSTEMPATH\CodeIgniter.php(494): CodeIgniter\CodeIgniter->runController(Object(App\Controllers\Administrador))
 8 SYSTEMPATH\CodeIgniter.php(353): CodeIgniter\CodeIgniter->handleRequest(null, Object(Config\Cache), false)
 9 FCPATH\index.php(79): CodeIgniter\CodeIgniter->run()
10 SYSTEMPATH\Commands\Server\rewrite.php(47): require_once('C:\\xampp\\htdocs\\ProyectoDAW2023\\public\\index.php')
CRITICAL - 2023-11-16 03:17:34 --> Attempt to read property "especialidad" on array
in APPPATH\Views\administrador\sabermasMedico.php on line 23.
 1 APPPATH\Views\administrador\sabermasMedico.php(23): CodeIgniter\Debug\Exceptions->errorHandler(2, 'Attempt to read property "especialidad" on array', 'C:\\xampp\\htdocs\\ProyectoDAW2023\\app\\Views\\administrador\\sabermasMedico.php', 23)
 2 SYSTEMPATH\View\View.php(226): include('C:\\xampp\\htdocs\\ProyectoDAW2023\\app\\Views\\administrador\\sabermasMedico.php')
 3 SYSTEMPATH\View\View.php(229): CodeIgniter\View\View->CodeIgniter\View\{closure}()
 4 SYSTEMPATH\Common.php(1188): CodeIgniter\View\View->render('administrador/sabermasMedico', [], true)
 5 APPPATH\Controllers\Administrador.php(480): view('administrador/sabermasMedico', [...])
 6 SYSTEMPATH\CodeIgniter.php(919): App\Controllers\Administrador->medicoSaberMas('10')
 7 SYSTEMPATH\CodeIgniter.php(494): CodeIgniter\CodeIgniter->runController(Object(App\Controllers\Administrador))
 8 SYSTEMPATH\CodeIgniter.php(353): CodeIgniter\CodeIgniter->handleRequest(null, Object(Config\Cache), false)
 9 FCPATH\index.php(79): CodeIgniter\CodeIgniter->run()
10 SYSTEMPATH\Commands\Server\rewrite.php(47): require_once('C:\\xampp\\htdocs\\ProyectoDAW2023\\public\\index.php')
CRITICAL - 2023-11-16 03:18:13 --> Attempt to read property "id" on string
in APPPATH\Views\administrador\sabermasPaciente.php on line 17.
 1 APPPATH\Views\administrador\sabermasPaciente.php(17): CodeIgniter\Debug\Exceptions->errorHandler(2, 'Attempt to read property "id" on string', 'C:\\xampp\\htdocs\\ProyectoDAW2023\\app\\Views\\administrador\\sabermasPaciente.php', 17)
 2 SYSTEMPATH\View\View.php(226): include('C:\\xampp\\htdocs\\ProyectoDAW2023\\app\\Views\\administrador\\sabermasPaciente.php')
 3 SYSTEMPATH\View\View.php(229): CodeIgniter\View\View->CodeIgniter\View\{closure}()
 4 SYSTEMPATH\Common.php(1188): CodeIgniter\View\View->render('administrador/sabermasPaciente', [], true)
 5 APPPATH\Controllers\Administrador.php(112): view('administrador/sabermasPaciente', [...])
 6 SYSTEMPATH\CodeIgniter.php(919): App\Controllers\Administrador->pacienteSaberMas('13')
 7 SYSTEMPATH\CodeIgniter.php(494): CodeIgniter\CodeIgniter->runController(Object(App\Controllers\Administrador))
 8 SYSTEMPATH\CodeIgniter.php(353): CodeIgniter\CodeIgniter->handleRequest(null, Object(Config\Cache), false)
 9 FCPATH\index.php(79): CodeIgniter\CodeIgniter->run()
10 SYSTEMPATH\Commands\Server\rewrite.php(47): require_once('C:\\xampp\\htdocs\\ProyectoDAW2023\\public\\index.php')
CRITICAL - 2023-11-16 03:18:22 --> Attempt to read property "id" on string
in APPPATH\Views\administrador\sabermasPaciente.php on line 17.
 1 APPPATH\Views\administrador\sabermasPaciente.php(17): CodeIgniter\Debug\Exceptions->errorHandler(2, 'Attempt to read property "id" on string', 'C:\\xampp\\htdocs\\ProyectoDAW2023\\app\\Views\\administrador\\sabermasPaciente.php', 17)
 2 SYSTEMPATH\View\View.php(226): include('C:\\xampp\\htdocs\\ProyectoDAW2023\\app\\Views\\administrador\\sabermasPaciente.php')
 3 SYSTEMPATH\View\View.php(229): CodeIgniter\View\View->CodeIgniter\View\{closure}()
 4 SYSTEMPATH\Common.php(1188): CodeIgniter\View\View->render('administrador/sabermasPaciente', [], true)
 5 APPPATH\Controllers\Administrador.php(112): view('administrador/sabermasPaciente', [...])
 6 SYSTEMPATH\CodeIgniter.php(919): App\Controllers\Administrador->pacienteSaberMas('13')
 7 SYSTEMPATH\CodeIgniter.php(494): CodeIgniter\CodeIgniter->runController(Object(App\Controllers\Administrador))
 8 SYSTEMPATH\CodeIgniter.php(353): CodeIgniter\CodeIgniter->handleRequest(null, Object(Config\Cache), false)
 9 FCPATH\index.php(79): CodeIgniter\CodeIgniter->run()
10 SYSTEMPATH\Commands\Server\rewrite.php(47): require_once('C:\\xampp\\htdocs\\ProyectoDAW2023\\public\\index.php')
CRITICAL - 2023-11-16 03:18:45 --> Attempt to read property "id" on string
in APPPATH\Views\administrador\sabermasPaciente.php on line 17.
 1 APPPATH\Views\administrador\sabermasPaciente.php(17): CodeIgniter\Debug\Exceptions->errorHandler(2, 'Attempt to read property "id" on string', 'C:\\xampp\\htdocs\\ProyectoDAW2023\\app\\Views\\administrador\\sabermasPaciente.php', 17)
 2 SYSTEMPATH\View\View.php(226): include('C:\\xampp\\htdocs\\ProyectoDAW2023\\app\\Views\\administrador\\sabermasPaciente.php')
 3 SYSTEMPATH\View\View.php(229): CodeIgniter\View\View->CodeIgniter\View\{closure}()
 4 SYSTEMPATH\Common.php(1188): CodeIgniter\View\View->render('administrador/sabermasPaciente', [], true)
 5 APPPATH\Controllers\Administrador.php(112): view('administrador/sabermasPaciente', [...])
 6 SYSTEMPATH\CodeIgniter.php(919): App\Controllers\Administrador->pacienteSaberMas('10')
 7 SYSTEMPATH\CodeIgniter.php(494): CodeIgniter\CodeIgniter->runController(Object(App\Controllers\Administrador))
 8 SYSTEMPATH\CodeIgniter.php(353): CodeIgniter\CodeIgniter->handleRequest(null, Object(Config\Cache), false)
 9 FCPATH\index.php(79): CodeIgniter\CodeIgniter->run()
10 SYSTEMPATH\Commands\Server\rewrite.php(47): require_once('C:\\xampp\\htdocs\\ProyectoDAW2023\\public\\index.php')
CRITICAL - 2023-11-16 03:20:17 --> Undefined variable $paciente
in APPPATH\Views\administrador\administrarPacientes.php on line 51.
 1 APPPATH\Views\administrador\administrarPacientes.php(51): CodeIgniter\Debug\Exceptions->errorHandler(2, 'Undefined variable $paciente', 'C:\\xampp\\htdocs\\ProyectoDAW2023\\app\\Views\\administrador\\administrarPacientes.php', 51)
 2 SYSTEMPATH\View\View.php(226): include('C:\\xampp\\htdocs\\ProyectoDAW2023\\app\\Views\\administrador\\administrarPacientes.php')
 3 SYSTEMPATH\View\View.php(229): CodeIgniter\View\View->CodeIgniter\View\{closure}()
 4 SYSTEMPATH\Common.php(1188): CodeIgniter\View\View->render('administrador/administrarPacientes', [], true)
 5 APPPATH\Controllers\Administrador.php(33): view('administrador/administrarPacientes', [...])
 6 SYSTEMPATH\CodeIgniter.php(919): App\Controllers\Administrador->administrarPacientes()
 7 SYSTEMPATH\CodeIgniter.php(494): CodeIgniter\CodeIgniter->runController(Object(App\Controllers\Administrador))
 8 SYSTEMPATH\CodeIgniter.php(353): CodeIgniter\CodeIgniter->handleRequest(null, Object(Config\Cache), false)
 9 FCPATH\index.php(79): CodeIgniter\CodeIgniter->run()
10 SYSTEMPATH\Commands\Server\rewrite.php(47): require_once('C:\\xampp\\htdocs\\ProyectoDAW2023\\public\\index.php')
CRITICAL - 2023-11-16 03:22:58 --> Attempt to read property "especialidad" on array
in APPPATH\Views\administrador\sabermasMedico.php on line 23.
 1 APPPATH\Views\administrador\sabermasMedico.php(23): CodeIgniter\Debug\Exceptions->errorHandler(2, 'Attempt to read property "especialidad" on array', 'C:\\xampp\\htdocs\\ProyectoDAW2023\\app\\Views\\administrador\\sabermasMedico.php', 23)
 2 SYSTEMPATH\View\View.php(226): include('C:\\xampp\\htdocs\\ProyectoDAW2023\\app\\Views\\administrador\\sabermasMedico.php')
 3 SYSTEMPATH\View\View.php(229): CodeIgniter\View\View->CodeIgniter\View\{closure}()
 4 SYSTEMPATH\Common.php(1188): CodeIgniter\View\View->render('administrador/sabermasMedico', [], true)
 5 APPPATH\Controllers\Administrador.php(480): view('administrador/sabermasMedico', [...])
 6 SYSTEMPATH\CodeIgniter.php(919): App\Controllers\Administrador->medicoSaberMas('3')
 7 SYSTEMPATH\CodeIgniter.php(494): CodeIgniter\CodeIgniter->runController(Object(App\Controllers\Administrador))
 8 SYSTEMPATH\CodeIgniter.php(353): CodeIgniter\CodeIgniter->handleRequest(null, Object(Config\Cache), false)
 9 FCPATH\index.php(79): CodeIgniter\CodeIgniter->run()
10 SYSTEMPATH\Commands\Server\rewrite.php(47): require_once('C:\\xampp\\htdocs\\ProyectoDAW2023\\public\\index.php')
CRITICAL - 2023-11-16 03:23:12 --> Attempt to read property "especialidad" on array
in APPPATH\Views\administrador\sabermasMedico.php on line 23.
 1 APPPATH\Views\administrador\sabermasMedico.php(23): CodeIgniter\Debug\Exceptions->errorHandler(2, 'Attempt to read property "especialidad" on array', 'C:\\xampp\\htdocs\\ProyectoDAW2023\\app\\Views\\administrador\\sabermasMedico.php', 23)
 2 SYSTEMPATH\View\View.php(226): include('C:\\xampp\\htdocs\\ProyectoDAW2023\\app\\Views\\administrador\\sabermasMedico.php')
 3 SYSTEMPATH\View\View.php(229): CodeIgniter\View\View->CodeIgniter\View\{closure}()
 4 SYSTEMPATH\Common.php(1188): CodeIgniter\View\View->render('administrador/sabermasMedico', [], true)
 5 APPPATH\Controllers\Administrador.php(480): view('administrador/sabermasMedico', [...])
 6 SYSTEMPATH\CodeIgniter.php(919): App\Controllers\Administrador->medicoSaberMas('3')
 7 SYSTEMPATH\CodeIgniter.php(494): CodeIgniter\CodeIgniter->runController(Object(App\Controllers\Administrador))
 8 SYSTEMPATH\CodeIgniter.php(353): CodeIgniter\CodeIgniter->handleRequest(null, Object(Config\Cache), false)
 9 FCPATH\index.php(79): CodeIgniter\CodeIgniter->run()
10 SYSTEMPATH\Commands\Server\rewrite.php(47): require_once('C:\\xampp\\htdocs\\ProyectoDAW2023\\public\\index.php')
CRITICAL - 2023-11-16 03:23:24 --> Attempt to read property "especialidad" on array
in APPPATH\Views\administrador\sabermasMedico.php on line 23.
 1 APPPATH\Views\administrador\sabermasMedico.php(23): CodeIgniter\Debug\Exceptions->errorHandler(2, 'Attempt to read property "especialidad" on array', 'C:\\xampp\\htdocs\\ProyectoDAW2023\\app\\Views\\administrador\\sabermasMedico.php', 23)
 2 SYSTEMPATH\View\View.php(226): include('C:\\xampp\\htdocs\\ProyectoDAW2023\\app\\Views\\administrador\\sabermasMedico.php')
 3 SYSTEMPATH\View\View.php(229): CodeIgniter\View\View->CodeIgniter\View\{closure}()
 4 SYSTEMPATH\Common.php(1188): CodeIgniter\View\View->render('administrador/sabermasMedico', [], true)
 5 APPPATH\Controllers\Administrador.php(480): view('administrador/sabermasMedico', [...])
 6 SYSTEMPATH\CodeIgniter.php(919): App\Controllers\Administrador->medicoSaberMas('3')
 7 SYSTEMPATH\CodeIgniter.php(494): CodeIgniter\CodeIgniter->runController(Object(App\Controllers\Administrador))
 8 SYSTEMPATH\CodeIgniter.php(353): CodeIgniter\CodeIgniter->handleRequest(null, Object(Config\Cache), false)
 9 FCPATH\index.php(79): CodeIgniter\CodeIgniter->run()
10 SYSTEMPATH\Commands\Server\rewrite.php(47): require_once('C:\\xampp\\htdocs\\ProyectoDAW2023\\public\\index.php')
CRITICAL - 2023-11-16 03:24:36 --> Object of class stdClass could not be converted to string
in APPPATH\Controllers\Administrador.php on line 478.
 1 SYSTEMPATH\CodeIgniter.php(919): App\Controllers\Administrador->medicoSaberMas('3')
 2 SYSTEMPATH\CodeIgniter.php(494): CodeIgniter\CodeIgniter->runController(Object(App\Controllers\Administrador))
 3 SYSTEMPATH\CodeIgniter.php(353): CodeIgniter\CodeIgniter->handleRequest(null, Object(Config\Cache), false)
 4 FCPATH\index.php(79): CodeIgniter\CodeIgniter->run()
 5 SYSTEMPATH\Commands\Server\rewrite.php(47): require_once('C:\\xampp\\htdocs\\ProyectoDAW2023\\public\\index.php')
CRITICAL - 2023-11-16 03:24:50 --> Cannot decrement App\Models\UsersMOdel
in APPPATH\Controllers\Administrador.php on line 478.
 1 SYSTEMPATH\CodeIgniter.php(919): App\Controllers\Administrador->medicoSaberMas('3')
 2 SYSTEMPATH\CodeIgniter.php(494): CodeIgniter\CodeIgniter->runController(Object(App\Controllers\Administrador))
 3 SYSTEMPATH\CodeIgniter.php(353): CodeIgniter\CodeIgniter->handleRequest(null, Object(Config\Cache), false)
 4 FCPATH\index.php(79): CodeIgniter\CodeIgniter->run()
 5 SYSTEMPATH\Commands\Server\rewrite.php(47): require_once('C:\\xampp\\htdocs\\ProyectoDAW2023\\public\\index.php')
CRITICAL - 2023-11-16 03:26:34 --> Object of class stdClass could not be converted to string
in APPPATH\Controllers\Administrador.php on line 478.
 1 SYSTEMPATH\CodeIgniter.php(919): App\Controllers\Administrador->medicoSaberMas('1')
 2 SYSTEMPATH\CodeIgniter.php(494): CodeIgniter\CodeIgniter->runController(Object(App\Controllers\Administrador))
 3 SYSTEMPATH\CodeIgniter.php(353): CodeIgniter\CodeIgniter->handleRequest(null, Object(Config\Cache), false)
 4 FCPATH\index.php(79): CodeIgniter\CodeIgniter->run()
 5 SYSTEMPATH\Commands\Server\rewrite.php(47): require_once('C:\\xampp\\htdocs\\ProyectoDAW2023\\public\\index.php')
CRITICAL - 2023-11-16 03:26:40 --> Cannot use object of type stdClass as array
in APPPATH\Controllers\Administrador.php on line 478.
 1 SYSTEMPATH\CodeIgniter.php(919): App\Controllers\Administrador->medicoSaberMas('1')
 2 SYSTEMPATH\CodeIgniter.php(494): CodeIgniter\CodeIgniter->runController(Object(App\Controllers\Administrador))
 3 SYSTEMPATH\CodeIgniter.php(353): CodeIgniter\CodeIgniter->handleRequest(null, Object(Config\Cache), false)
 4 FCPATH\index.php(79): CodeIgniter\CodeIgniter->run()
 5 SYSTEMPATH\Commands\Server\rewrite.php(47): require_once('C:\\xampp\\htdocs\\ProyectoDAW2023\\public\\index.php')
ERROR - 2023-11-16 03:28:06 --> mysqli_sql_exception: Unknown column 'medico' in 'where clause' in C:\xampp\htdocs\ProyectoDAW2023\system\Database\MySQLi\Connection.php:306
Stack trace:
#0 C:\xampp\htdocs\ProyectoDAW2023\system\Database\MySQLi\Connection.php(306): mysqli->query('SELECT *\nFROM `...', 0)
#1 C:\xampp\htdocs\ProyectoDAW2023\system\Database\BaseConnection.php(692): CodeIgniter\Database\MySQLi\Connection->execute('SELECT *\nFROM `...')
#2 C:\xampp\htdocs\ProyectoDAW2023\system\Database\BaseConnection.php(606): CodeIgniter\Database\BaseConnection->simpleQuery('SELECT *\nFROM `...')
#3 C:\xampp\htdocs\ProyectoDAW2023\system\Database\BaseBuilder.php(1615): CodeIgniter\Database\BaseConnection->query('SELECT *\nFROM `...', Array, false)
#4 C:\xampp\htdocs\ProyectoDAW2023\system\Model.php(237): CodeIgniter\Database\BaseBuilder->get()
#5 C:\xampp\htdocs\ProyectoDAW2023\system\BaseModel.php(624): CodeIgniter\Model->doFindAll(0, 0)
#6 C:\xampp\htdocs\ProyectoDAW2023\app\Controllers\Administrador.php(468): CodeIgniter\BaseModel->findAll()
#7 C:\xampp\htdocs\ProyectoDAW2023\system\CodeIgniter.php(919): App\Controllers\Administrador->medicoSaberMas('1')
#8 C:\xampp\htdocs\ProyectoDAW2023\system\CodeIgniter.php(494): CodeIgniter\CodeIgniter->runController(Object(App\Controllers\Administrador))
#9 C:\xampp\htdocs\ProyectoDAW2023\system\CodeIgniter.php(353): CodeIgniter\CodeIgniter->handleRequest(NULL, Object(Config\Cache), false)
#10 C:\xampp\htdocs\ProyectoDAW2023\public\index.php(79): CodeIgniter\CodeIgniter->run()
#11 C:\xampp\htdocs\ProyectoDAW2023\system\Commands\Server\rewrite.php(47): require_once('C:\\xampp\\htdocs...')
#12 {main}
CRITICAL - 2023-11-16 03:28:06 --> Unknown column 'medico' in 'where clause'
in SYSTEMPATH\Database\BaseConnection.php on line 646.
 1 SYSTEMPATH\Database\BaseBuilder.php(1615): CodeIgniter\Database\BaseConnection->query('SELECT *
FROM `userinfo`
WHERE `medico` = :medico:
AND `userinfo`.`deleted_at` IS NULL', [...], false)
 2 SYSTEMPATH\Model.php(237): CodeIgniter\Database\BaseBuilder->get()
 3 SYSTEMPATH\BaseModel.php(624): CodeIgniter\Model->doFindAll(0, 0)
 4 APPPATH\Controllers\Administrador.php(468): CodeIgniter\BaseModel->findAll()
 5 SYSTEMPATH\CodeIgniter.php(919): App\Controllers\Administrador->medicoSaberMas('1')
 6 SYSTEMPATH\CodeIgniter.php(494): CodeIgniter\CodeIgniter->runController(Object(App\Controllers\Administrador))
 7 SYSTEMPATH\CodeIgniter.php(353): CodeIgniter\CodeIgniter->handleRequest(null, Object(Config\Cache), false)
 8 FCPATH\index.php(79): CodeIgniter\CodeIgniter->run()
 9 SYSTEMPATH\Commands\Server\rewrite.php(47): require_once('C:\\xampp\\htdocs\\ProyectoDAW2023\\public\\index.php')
ERROR - 2023-11-16 03:28:21 --> mysqli_sql_exception: Unknown column 'medico' in 'where clause' in C:\xampp\htdocs\ProyectoDAW2023\system\Database\MySQLi\Connection.php:306
Stack trace:
#0 C:\xampp\htdocs\ProyectoDAW2023\system\Database\MySQLi\Connection.php(306): mysqli->query('SELECT *\nFROM `...', 0)
#1 C:\xampp\htdocs\ProyectoDAW2023\system\Database\BaseConnection.php(692): CodeIgniter\Database\MySQLi\Connection->execute('SELECT *\nFROM `...')
#2 C:\xampp\htdocs\ProyectoDAW2023\system\Database\BaseConnection.php(606): CodeIgniter\Database\BaseConnection->simpleQuery('SELECT *\nFROM `...')
#3 C:\xampp\htdocs\ProyectoDAW2023\system\Database\BaseBuilder.php(1615): CodeIgniter\Database\BaseConnection->query('SELECT *\nFROM `...', Array, false)
#4 C:\xampp\htdocs\ProyectoDAW2023\system\Model.php(237): CodeIgniter\Database\BaseBuilder->get()
#5 C:\xampp\htdocs\ProyectoDAW2023\system\BaseModel.php(624): CodeIgniter\Model->doFindAll(0, 0)
#6 C:\xampp\htdocs\ProyectoDAW2023\app\Controllers\Administrador.php(468): CodeIgniter\BaseModel->findAll()
#7 C:\xampp\htdocs\ProyectoDAW2023\system\CodeIgniter.php(919): App\Controllers\Administrador->medicoSaberMas('1')
#8 C:\xampp\htdocs\ProyectoDAW2023\system\CodeIgniter.php(494): CodeIgniter\CodeIgniter->runController(Object(App\Controllers\Administrador))
#9 C:\xampp\htdocs\ProyectoDAW2023\system\CodeIgniter.php(353): CodeIgniter\CodeIgniter->handleRequest(NULL, Object(Config\Cache), false)
#10 C:\xampp\htdocs\ProyectoDAW2023\public\index.php(79): CodeIgniter\CodeIgniter->run()
#11 C:\xampp\htdocs\ProyectoDAW2023\system\Commands\Server\rewrite.php(47): require_once('C:\\xampp\\htdocs...')
#12 {main}
CRITICAL - 2023-11-16 03:28:21 --> Unknown column 'medico' in 'where clause'
in SYSTEMPATH\Database\BaseConnection.php on line 646.
 1 SYSTEMPATH\Database\BaseBuilder.php(1615): CodeIgniter\Database\BaseConnection->query('SELECT *
FROM `userinfo`
WHERE `medico` = :medico:
AND `userinfo`.`deleted_at` IS NULL', [...], false)
 2 SYSTEMPATH\Model.php(237): CodeIgniter\Database\BaseBuilder->get()
 3 SYSTEMPATH\BaseModel.php(624): CodeIgniter\Model->doFindAll(0, 0)
 4 APPPATH\Controllers\Administrador.php(468): CodeIgniter\BaseModel->findAll()
 5 SYSTEMPATH\CodeIgniter.php(919): App\Controllers\Administrador->medicoSaberMas('1')
 6 SYSTEMPATH\CodeIgniter.php(494): CodeIgniter\CodeIgniter->runController(Object(App\Controllers\Administrador))
 7 SYSTEMPATH\CodeIgniter.php(353): CodeIgniter\CodeIgniter->handleRequest(null, Object(Config\Cache), false)
 8 FCPATH\index.php(79): CodeIgniter\CodeIgniter->run()
 9 SYSTEMPATH\Commands\Server\rewrite.php(47): require_once('C:\\xampp\\htdocs\\ProyectoDAW2023\\public\\index.php')
CRITICAL - 2023-11-16 03:30:01 --> Attempt to read property "genero" on array
in APPPATH\Views\administrador\sabermasMedico.php on line 12.
 1 APPPATH\Views\administrador\sabermasMedico.php(12): CodeIgniter\Debug\Exceptions->errorHandler(2, 'Attempt to read property "genero" on array', 'C:\\xampp\\htdocs\\ProyectoDAW2023\\app\\Views\\administrador\\sabermasMedico.php', 12)
 2 SYSTEMPATH\View\View.php(226): include('C:\\xampp\\htdocs\\ProyectoDAW2023\\app\\Views\\administrador\\sabermasMedico.php')
 3 SYSTEMPATH\View\View.php(229): CodeIgniter\View\View->CodeIgniter\View\{closure}()
 4 SYSTEMPATH\Common.php(1188): CodeIgniter\View\View->render('administrador/sabermasMedico', [], true)
 5 APPPATH\Controllers\Administrador.php(482): view('administrador/sabermasMedico', [...])
 6 SYSTEMPATH\CodeIgniter.php(919): App\Controllers\Administrador->medicoSaberMas('1')
 7 SYSTEMPATH\CodeIgniter.php(494): CodeIgniter\CodeIgniter->runController(Object(App\Controllers\Administrador))
 8 SYSTEMPATH\CodeIgniter.php(353): CodeIgniter\CodeIgniter->handleRequest(null, Object(Config\Cache), false)
 9 FCPATH\index.php(79): CodeIgniter\CodeIgniter->run()
10 SYSTEMPATH\Commands\Server\rewrite.php(47): require_once('C:\\xampp\\htdocs\\ProyectoDAW2023\\public\\index.php')
CRITICAL - 2023-11-16 03:32:43 --> Undefined array key 0
in APPPATH\Controllers\Administrador.php on line 467.
 1 APPPATH\Controllers\Administrador.php(467): CodeIgniter\Debug\Exceptions->errorHandler(2, 'Undefined array key 0', 'C:\\xampp\\htdocs\\ProyectoDAW2023\\app\\Controllers\\Administrador.php', 467)
 2 SYSTEMPATH\CodeIgniter.php(919): App\Controllers\Administrador->medicoSaberMas('30')
 3 SYSTEMPATH\CodeIgniter.php(494): CodeIgniter\CodeIgniter->runController(Object(App\Controllers\Administrador))
 4 SYSTEMPATH\CodeIgniter.php(353): CodeIgniter\CodeIgniter->handleRequest(null, Object(Config\Cache), false)
 5 FCPATH\index.php(79): CodeIgniter\CodeIgniter->run()
 6 SYSTEMPATH\Commands\Server\rewrite.php(47): require_once('C:\\xampp\\htdocs\\ProyectoDAW2023\\public\\index.php')
CRITICAL - 2023-11-16 03:32:47 --> Undefined array key 0
in APPPATH\Controllers\Administrador.php on line 467.
 1 APPPATH\Controllers\Administrador.php(467): CodeIgniter\Debug\Exceptions->errorHandler(2, 'Undefined array key 0', 'C:\\xampp\\htdocs\\ProyectoDAW2023\\app\\Controllers\\Administrador.php', 467)
 2 SYSTEMPATH\CodeIgniter.php(919): App\Controllers\Administrador->medicoSaberMas('29')
 3 SYSTEMPATH\CodeIgniter.php(494): CodeIgniter\CodeIgniter->runController(Object(App\Controllers\Administrador))
 4 SYSTEMPATH\CodeIgniter.php(353): CodeIgniter\CodeIgniter->handleRequest(null, Object(Config\Cache), false)
 5 FCPATH\index.php(79): CodeIgniter\CodeIgniter->run()
 6 SYSTEMPATH\Commands\Server\rewrite.php(47): require_once('C:\\xampp\\htdocs\\ProyectoDAW2023\\public\\index.php')
CRITICAL - 2023-11-16 03:33:01 --> Undefined variable $pacientes
in APPPATH\Views\administrador\sabermasPaciente.php on line 17.
 1 APPPATH\Views\administrador\sabermasPaciente.php(17): CodeIgniter\Debug\Exceptions->errorHandler(2, 'Undefined variable $pacientes', 'C:\\xampp\\htdocs\\ProyectoDAW2023\\app\\Views\\administrador\\sabermasPaciente.php', 17)
 2 SYSTEMPATH\View\View.php(226): include('C:\\xampp\\htdocs\\ProyectoDAW2023\\app\\Views\\administrador\\sabermasPaciente.php')
 3 SYSTEMPATH\View\View.php(229): CodeIgniter\View\View->CodeIgniter\View\{closure}()
 4 SYSTEMPATH\Common.php(1188): CodeIgniter\View\View->render('administrador/sabermasPaciente', [], true)
 5 APPPATH\Controllers\Administrador.php(110): view('administrador/sabermasPaciente', [...])
 6 SYSTEMPATH\CodeIgniter.php(919): App\Controllers\Administrador->pacienteSaberMas('1')
 7 SYSTEMPATH\CodeIgniter.php(494): CodeIgniter\CodeIgniter->runController(Object(App\Controllers\Administrador))
 8 SYSTEMPATH\CodeIgniter.php(353): CodeIgniter\CodeIgniter->handleRequest(null, Object(Config\Cache), false)
 9 FCPATH\index.php(79): CodeIgniter\CodeIgniter->run()
10 SYSTEMPATH\Commands\Server\rewrite.php(47): require_once('C:\\xampp\\htdocs\\ProyectoDAW2023\\public\\index.php')
CRITICAL - 2023-11-16 03:37:16 --> Undefined variable $medicamento
in APPPATH\Views\administrador\administrarMedicamentos.php on line 20.
 1 APPPATH\Views\administrador\administrarMedicamentos.php(20): CodeIgniter\Debug\Exceptions->errorHandler(2, 'Undefined variable $medicamento', 'C:\\xampp\\htdocs\\ProyectoDAW2023\\app\\Views\\administrador\\administrarMedicamentos.php', 20)
 2 SYSTEMPATH\View\View.php(226): include('C:\\xampp\\htdocs\\ProyectoDAW2023\\app\\Views\\administrador\\administrarMedicamentos.php')
 3 SYSTEMPATH\View\View.php(229): CodeIgniter\View\View->CodeIgniter\View\{closure}()
 4 SYSTEMPATH\Common.php(1188): CodeIgniter\View\View->render('administrador/administrarMedicamentos', [], true)
 5 APPPATH\Controllers\Administrador.php(686): view('administrador/administrarMedicamentos', [...])
 6 SYSTEMPATH\CodeIgniter.php(919): App\Controllers\Administrador->administrarMedicamentos()
 7 SYSTEMPATH\CodeIgniter.php(494): CodeIgniter\CodeIgniter->runController(Object(App\Controllers\Administrador))
 8 SYSTEMPATH\CodeIgniter.php(353): CodeIgniter\CodeIgniter->handleRequest(null, Object(Config\Cache), false)
 9 FCPATH\index.php(79): CodeIgniter\CodeIgniter->run()
10 SYSTEMPATH\Commands\Server\rewrite.php(47): require_once('C:\\xampp\\htdocs\\ProyectoDAW2023\\public\\index.php')
