CRITICAL - 2023-10-08 23:13:02 --> Invalid file: "administrador/inicioSesion.php"
in SYSTEMPATH\Exceptions\FrameworkException.php on line 39.
 1 SYSTEMPATH\View\View.php(214): CodeIgniter\Exceptions\FrameworkException::forInvalidFile('administrador/inicioSesion.php')
 2 SYSTEMPATH\Common.php(1188): CodeIgniter\View\View->render('administrador/inicioSesion', [], true)
 3 APPPATH\Controllers\Administrador.php(13): view('administrador/inicioSesion')
 4 SYSTEMPATH\CodeIgniter.php(919): App\Controllers\Administrador->index()
 5 SYSTEMPATH\CodeIgniter.php(494): CodeIgniter\CodeIgniter->runController(Object(App\Controllers\Administrador))
 6 SYSTEMPATH\CodeIgniter.php(353): CodeIgniter\CodeIgniter->handleRequest(null, Object(Config\Cache), false)
 7 FCPATH\index.php(79): CodeIgniter\CodeIgniter->run()
 8 SYSTEMPATH\Commands\Server\rewrite.php(47): require_once('C:\\xampp\\htdocs\\ProyectoDAW2023\\public\\index.php')
CRITICAL - 2023-10-08 23:16:38 --> Invalid file: "administrador/inicioSesion.php"
in SYSTEMPATH\Exceptions\FrameworkException.php on line 39.
 1 SYSTEMPATH\View\View.php(214): CodeIgniter\Exceptions\FrameworkException::forInvalidFile('administrador/inicioSesion.php')
 2 SYSTEMPATH\Common.php(1188): CodeIgniter\View\View->render('administrador/inicioSesion', [], true)
 3 APPPATH\Controllers\Administrador.php(13): view('administrador/inicioSesion')
 4 SYSTEMPATH\CodeIgniter.php(919): App\Controllers\Administrador->index()
 5 SYSTEMPATH\CodeIgniter.php(494): CodeIgniter\CodeIgniter->runController(Object(App\Controllers\Administrador))
 6 SYSTEMPATH\CodeIgniter.php(353): CodeIgniter\CodeIgniter->handleRequest(null, Object(Config\Cache), false)
 7 FCPATH\index.php(79): CodeIgniter\CodeIgniter->run()
 8 SYSTEMPATH\Commands\Server\rewrite.php(47): require_once('C:\\xampp\\htdocs\\ProyectoDAW2023\\public\\index.php')
CRITICAL - 2023-10-08 23:41:12 --> syntax error, unexpected token ";"
in APPPATH\Views\administrador\administrarPacientes.php on line 7.
 1 SYSTEMPATH\View\View.php(229): CodeIgniter\View\View->CodeIgniter\View\{closure}()
 2 SYSTEMPATH\Common.php(1188): CodeIgniter\View\View->render('administrador/administrarPacientes', [], true)
 3 APPPATH\Controllers\Administrador.php(27): view('administrador/administrarPacientes')
 4 SYSTEMPATH\CodeIgniter.php(919): App\Controllers\Administrador->administrarPacientes()
 5 SYSTEMPATH\CodeIgniter.php(494): CodeIgniter\CodeIgniter->runController(Object(App\Controllers\Administrador))
 6 SYSTEMPATH\CodeIgniter.php(353): CodeIgniter\CodeIgniter->handleRequest(null, Object(Config\Cache), false)
 7 FCPATH\index.php(79): CodeIgniter\CodeIgniter->run()
 8 SYSTEMPATH\Commands\Server\rewrite.php(47): require_once('C:\\xampp\\htdocs\\ProyectoDAW2023\\public\\index.php')
CRITICAL - 2023-10-08 23:41:16 --> syntax error, unexpected token ";"
in APPPATH\Views\administrador\administrarPacientes.php on line 7.
 1 SYSTEMPATH\View\View.php(229): CodeIgniter\View\View->CodeIgniter\View\{closure}()
 2 SYSTEMPATH\Common.php(1188): CodeIgniter\View\View->render('administrador/administrarPacientes', [], true)
 3 APPPATH\Controllers\Administrador.php(27): view('administrador/administrarPacientes')
 4 SYSTEMPATH\CodeIgniter.php(919): App\Controllers\Administrador->administrarPacientes()
 5 SYSTEMPATH\CodeIgniter.php(494): CodeIgniter\CodeIgniter->runController(Object(App\Controllers\Administrador))
 6 SYSTEMPATH\CodeIgniter.php(353): CodeIgniter\CodeIgniter->handleRequest(null, Object(Config\Cache), false)
 7 FCPATH\index.php(79): CodeIgniter\CodeIgniter->run()
 8 SYSTEMPATH\Commands\Server\rewrite.php(47): require_once('C:\\xampp\\htdocs\\ProyectoDAW2023\\public\\index.php')
CRITICAL - 2023-10-08 23:41:41 --> syntax error, unexpected token ";"
in APPPATH\Views\administrador\administrarPacientes.php on line 7.
 1 SYSTEMPATH\View\View.php(229): CodeIgniter\View\View->CodeIgniter\View\{closure}()
 2 SYSTEMPATH\Common.php(1188): CodeIgniter\View\View->render('administrador/administrarPacientes', [], true)
 3 APPPATH\Controllers\Administrador.php(27): view('administrador/administrarPacientes')
 4 SYSTEMPATH\CodeIgniter.php(919): App\Controllers\Administrador->administrarPacientes()
 5 SYSTEMPATH\CodeIgniter.php(494): CodeIgniter\CodeIgniter->runController(Object(App\Controllers\Administrador))
 6 SYSTEMPATH\CodeIgniter.php(353): CodeIgniter\CodeIgniter->handleRequest(null, Object(Config\Cache), false)
 7 FCPATH\index.php(79): CodeIgniter\CodeIgniter->run()
 8 SYSTEMPATH\Commands\Server\rewrite.php(47): require_once('C:\\xampp\\htdocs\\ProyectoDAW2023\\public\\index.php')
