CRITICAL - 2023-10-09 00:42:27 --> view(): Argument #2 ($data) must be of type array, string given, called in C:\xampp\htdocs\ProyectoDAW2023\app\Controllers\Administrador.php on line 37
in SYSTEMPATH\Common.php on line 1176.
 1 APPPATH\Controllers\Administrador.php(37): view('administrador/administrarPacientes', 'refresh')
 2 SYSTEMPATH\CodeIgniter.php(919): App\Controllers\Administrador->buscarPacientes()
 3 SYSTEMPATH\CodeIgniter.php(494): CodeIgniter\CodeIgniter->runController(Object(App\Controllers\Administrador))
 4 SYSTEMPATH\CodeIgniter.php(353): CodeIgniter\CodeIgniter->handleRequest(null, Object(Config\Cache), false)
 5 FCPATH\index.php(79): CodeIgniter\CodeIgniter->run()
 6 SYSTEMPATH\Commands\Server\rewrite.php(47): require_once('C:\\xampp\\htdocs\\ProyectoDAW2023\\public\\index.php')
CRITICAL - 2023-10-09 00:43:03 --> syntax error, unexpected single-quoted string ").", expecting ")"
in APPPATH\Controllers\Administrador.php on line 38.
 1 SYSTEMPATH\Autoloader\Autoloader.php(285): CodeIgniter\Autoloader\Autoloader->includeFile('C:\\xampp\\htdocs\\ProyectoDAW2023\\app\\Controllers\\Administrador.php')
 2 SYSTEMPATH\Autoloader\Autoloader.php(263): CodeIgniter\Autoloader\Autoloader->loadInNamespace('App\\Controllers\\Administrador')
 3 [internal function]: CodeIgniter\Autoloader\Autoloader->loadClass('App\\Controllers\\Administrador')
 4 SYSTEMPATH\CodeIgniter.php(877): class_exists('\\App\\Controllers\\Administrador', true)
 5 SYSTEMPATH\CodeIgniter.php(481): CodeIgniter\CodeIgniter->startController()
 6 SYSTEMPATH\CodeIgniter.php(353): CodeIgniter\CodeIgniter->handleRequest(null, Object(Config\Cache), false)
 7 FCPATH\index.php(79): CodeIgniter\CodeIgniter->run()
 8 SYSTEMPATH\Commands\Server\rewrite.php(47): require_once('C:\\xampp\\htdocs\\ProyectoDAW2023\\public\\index.php')
CRITICAL - 2023-10-09 00:43:11 --> syntax error, unexpected single-quoted string ").", expecting ")"
in APPPATH\Controllers\Administrador.php on line 38.
 1 SYSTEMPATH\Autoloader\Autoloader.php(285): CodeIgniter\Autoloader\Autoloader->includeFile('C:\\xampp\\htdocs\\ProyectoDAW2023\\app\\Controllers\\Administrador.php')
 2 SYSTEMPATH\Autoloader\Autoloader.php(263): CodeIgniter\Autoloader\Autoloader->loadInNamespace('App\\Controllers\\Administrador')
 3 [internal function]: CodeIgniter\Autoloader\Autoloader->loadClass('App\\Controllers\\Administrador')
 4 SYSTEMPATH\CodeIgniter.php(877): class_exists('\\App\\Controllers\\Administrador', true)
 5 SYSTEMPATH\CodeIgniter.php(481): CodeIgniter\CodeIgniter->startController()
 6 SYSTEMPATH\CodeIgniter.php(353): CodeIgniter\CodeIgniter->handleRequest(null, Object(Config\Cache), false)
 7 FCPATH\index.php(79): CodeIgniter\CodeIgniter->run()
 8 SYSTEMPATH\Commands\Server\rewrite.php(47): require_once('C:\\xampp\\htdocs\\ProyectoDAW2023\\public\\index.php')
CRITICAL - 2023-10-09 00:45:16 --> view(): Argument #2 ($data) must be of type array, string given, called in C:\xampp\htdocs\ProyectoDAW2023\app\Controllers\Administrador.php on line 37
in SYSTEMPATH\Common.php on line 1176.
 1 APPPATH\Controllers\Administrador.php(37): view('administrador/administrarPacientes', 'refresh')
 2 SYSTEMPATH\CodeIgniter.php(919): App\Controllers\Administrador->buscarPacientes()
 3 SYSTEMPATH\CodeIgniter.php(494): CodeIgniter\CodeIgniter->runController(Object(App\Controllers\Administrador))
 4 SYSTEMPATH\CodeIgniter.php(353): CodeIgniter\CodeIgniter->handleRequest(null, Object(Config\Cache), false)
 5 FCPATH\index.php(79): CodeIgniter\CodeIgniter->run()
 6 SYSTEMPATH\Commands\Server\rewrite.php(47): require_once('C:\\xampp\\htdocs\\ProyectoDAW2023\\public\\index.php')
CRITICAL - 2023-10-09 01:28:49 --> Maximum execution time of 60 seconds exceeded
in APPPATH\Views\common\footer.php on line 1.
 1 [internal function]: CodeIgniter\Debug\Exceptions->shutdownHandler()
CRITICAL - 2023-10-09 02:15:26 --> Invalid file: "administrador/administrarMedicamentos.php"
in SYSTEMPATH\Exceptions\FrameworkException.php on line 39.
 1 SYSTEMPATH\View\View.php(214): CodeIgniter\Exceptions\FrameworkException::forInvalidFile('administrador/administrarMedicamentos.php')
 2 SYSTEMPATH\Common.php(1188): CodeIgniter\View\View->render('administrador/administrarMedicamentos', [], true)
 3 APPPATH\Controllers\Administrador.php(83): view('administrador/administrarMedicamentos')
 4 SYSTEMPATH\CodeIgniter.php(919): App\Controllers\Administrador->administrarMedicamentos()
 5 SYSTEMPATH\CodeIgniter.php(494): CodeIgniter\CodeIgniter->runController(Object(App\Controllers\Administrador))
 6 SYSTEMPATH\CodeIgniter.php(353): CodeIgniter\CodeIgniter->handleRequest(null, Object(Config\Cache), false)
 7 FCPATH\index.php(79): CodeIgniter\CodeIgniter->run()
 8 SYSTEMPATH\Commands\Server\rewrite.php(47): require_once('C:\\xampp\\htdocs\\ProyectoDAW2023\\public\\index.php')
CRITICAL - 2023-10-09 02:26:47 --> Invalid file: "administrador/administrarMedicos.php"
in SYSTEMPATH\Exceptions\FrameworkException.php on line 39.
 1 SYSTEMPATH\View\View.php(214): CodeIgniter\Exceptions\FrameworkException::forInvalidFile('administrador/administrarMedicos.php')
 2 SYSTEMPATH\Common.php(1188): CodeIgniter\View\View->render('administrador/administrarMedicos', [], true)
 3 APPPATH\Controllers\Administrador.php(73): view('administrador/administrarMedicos')
 4 SYSTEMPATH\CodeIgniter.php(919): App\Controllers\Administrador->administrarMedicos()
 5 SYSTEMPATH\CodeIgniter.php(494): CodeIgniter\CodeIgniter->runController(Object(App\Controllers\Administrador))
 6 SYSTEMPATH\CodeIgniter.php(353): CodeIgniter\CodeIgniter->handleRequest(null, Object(Config\Cache), false)
 7 FCPATH\index.php(79): CodeIgniter\CodeIgniter->run()
 8 SYSTEMPATH\Commands\Server\rewrite.php(47): require_once('C:\\xampp\\htdocs\\ProyectoDAW2023\\public\\index.php')
CRITICAL - 2023-10-09 02:35:29 --> Cannot redeclare App\Controllers\Administrador::editarPaciente()
in APPPATH\Controllers\Administrador.php on line 94.
 1 [internal function]: CodeIgniter\Debug\Exceptions->shutdownHandler()
CRITICAL - 2023-10-09 02:37:57 --> Invalid file: "administrador/administrarMedicos.php"
in SYSTEMPATH\Exceptions\FrameworkException.php on line 39.
 1 SYSTEMPATH\View\View.php(214): CodeIgniter\Exceptions\FrameworkException::forInvalidFile('administrador/administrarMedicos.php')
 2 SYSTEMPATH\Common.php(1188): CodeIgniter\View\View->render('administrador/administrarMedicos', [], true)
 3 APPPATH\Controllers\Administrador.php(73): view('administrador/administrarMedicos')
 4 SYSTEMPATH\CodeIgniter.php(919): App\Controllers\Administrador->administrarMedicos()
 5 SYSTEMPATH\CodeIgniter.php(494): CodeIgniter\CodeIgniter->runController(Object(App\Controllers\Administrador))
 6 SYSTEMPATH\CodeIgniter.php(353): CodeIgniter\CodeIgniter->handleRequest(null, Object(Config\Cache), false)
 7 FCPATH\index.php(79): CodeIgniter\CodeIgniter->run()
 8 SYSTEMPATH\Commands\Server\rewrite.php(47): require_once('C:\\xampp\\htdocs\\ProyectoDAW2023\\public\\index.php')
CRITICAL - 2023-10-09 02:38:03 --> Invalid file: "administrador/administrarMedicos.php"
in SYSTEMPATH\Exceptions\FrameworkException.php on line 39.
 1 SYSTEMPATH\View\View.php(214): CodeIgniter\Exceptions\FrameworkException::forInvalidFile('administrador/administrarMedicos.php')
 2 SYSTEMPATH\Common.php(1188): CodeIgniter\View\View->render('administrador/administrarMedicos', [], true)
 3 APPPATH\Controllers\Administrador.php(73): view('administrador/administrarMedicos')
 4 SYSTEMPATH\CodeIgniter.php(919): App\Controllers\Administrador->administrarMedicos()
 5 SYSTEMPATH\CodeIgniter.php(494): CodeIgniter\CodeIgniter->runController(Object(App\Controllers\Administrador))
 6 SYSTEMPATH\CodeIgniter.php(353): CodeIgniter\CodeIgniter->handleRequest(null, Object(Config\Cache), false)
 7 FCPATH\index.php(79): CodeIgniter\CodeIgniter->run()
 8 SYSTEMPATH\Commands\Server\rewrite.php(47): require_once('C:\\xampp\\htdocs\\ProyectoDAW2023\\public\\index.php')
CRITICAL - 2023-10-09 02:41:22 --> Invalid file: "administrador/editarMedicamento.php"
in SYSTEMPATH\Exceptions\FrameworkException.php on line 39.
 1 SYSTEMPATH\View\View.php(214): CodeIgniter\Exceptions\FrameworkException::forInvalidFile('administrador/editarMedicamento.php')
 2 SYSTEMPATH\Common.php(1188): CodeIgniter\View\View->render('administrador/editarMedicamento', [], true)
 3 APPPATH\Controllers\Administrador.php(97): view('administrador/editarMedicamento')
 4 SYSTEMPATH\CodeIgniter.php(919): App\Controllers\Administrador->editarMedicamento()
 5 SYSTEMPATH\CodeIgniter.php(494): CodeIgniter\CodeIgniter->runController(Object(App\Controllers\Administrador))
 6 SYSTEMPATH\CodeIgniter.php(353): CodeIgniter\CodeIgniter->handleRequest(null, Object(Config\Cache), false)
 7 FCPATH\index.php(79): CodeIgniter\CodeIgniter->run()
 8 SYSTEMPATH\Commands\Server\rewrite.php(47): require_once('C:\\xampp\\htdocs\\ProyectoDAW2023\\public\\index.php')
